<?xml version="1.0" encoding="UTF-8"?>
<!-- Generated by org.testng.reporters.JUnitReportReporter -->
<testsuite hostname="Dev-AjmalSyed" failures="0" tests="1" name="Subscriptions_V3.Order_Positions_UnSubscribe" time="0.655" errors="0" timestamp="2023-10-11T15:39:12 PKT" skipped="0">
  <testcase classname="Subscriptions_V3.Order_Positions_UnSubscribe" name="Verify_UnSubscribe_Order_Positions" time="0.655"/>
  <system-out/>
</testsuite> <!-- Subscriptions_V3.Order_Positions_UnSubscribe -->
