<?xml version="1.0" encoding="UTF-8"?>
<!-- Generated by org.testng.reporters.JUnitReportReporter -->
<testsuite hostname="Dev-AjmalSyed" failures="0" tests="4" name="MarketData_L1.Subscribe_Bulk" time="3.427" errors="0" timestamp="2024-01-04T19:34:06 PKT" skipped="0">
  <testcase classname="MarketData_L1.Subscribe_Bulk" name="Verify_Subscribe_Bulk_Equity_MarketData" time="0.827"/>
  <system-out/>
  <testcase classname="MarketData_L1.Subscribe_Bulk" name="Verify_Subscribe_Bulk_Equity_MarketData" time="0.834"/>
  <system-out/>
  <testcase classname="MarketData_L1.Subscribe_Bulk" name="Verify_Subscribe_Bulk_Equity_MarketData" time="0.841"/>
  <system-out/>
  <testcase classname="MarketData_L1.Subscribe_Bulk" name="Verify_Subscribe_Bulk_Equity_MarketData" time="0.925"/>
  <system-out/>
</testsuite> <!-- MarketData_L1.Subscribe_Bulk -->
