<?xml version="1.0" encoding="UTF-8"?>
<!-- Generated by org.testng.reporters.JUnitReportReporter -->
<testsuite hostname="Dev-AjmalSyed" failures="0" tests="2" name="IdentityServer_API_User.Login" time="4.598" errors="0" timestamp="2024-01-08T17:47:09 PKT" skipped="0">
  <testcase classname="IdentityServer_API_User.Login" name="UserLogin" time="3.206"/>
  <system-out/>
  <testcase classname="IdentityServer_API_User.Login" name="UserLogin" time="1.392"/>
  <system-out/>
</testsuite> <!-- IdentityServer_API_User.Login -->
