<?xml version="1.0" encoding="UTF-8"?>
<!-- Generated by org.testng.reporters.JUnitReportReporter -->
<testsuite hostname="Dev-AjmalSyed" failures="0" tests="1" name="IdentityServer_API_User.UserProfile_ChangePassword" time="4.717" errors="0" timestamp="2023-12-26T15:50:23 PKT" skipped="0">
  <testcase classname="IdentityServer_API_User.UserProfile_ChangePassword" name="Verify_UserProfile_ChangePassword" time="4.717"/>
  <system-out/>
</testsuite> <!-- IdentityServer_API_User.UserProfile_ChangePassword -->
