<?xml version="1.0" encoding="UTF-8"?>
<!-- Generated by org.testng.reporters.JUnitReportReporter -->
<testsuite hostname="Dev-AjmalSyed" failures="0" tests="3" name="Orders.Filled_Orders" time="2.374" errors="0" timestamp="2023-12-27T17:07:31 PKT" skipped="0">
  <testcase classname="Orders.Filled_Orders" name="Verify_SELL_Equity_Order_Filled_Creation" time="1.175"/>
  <system-out/>
  <testcase classname="Orders.Filled_Orders" name="Verify_BUY_Equity_Order_Filled_Creation" time="0.612"/>
  <system-out/>
  <testcase classname="Orders.Filled_Orders" name="Verify_SHORTSELL_EquityOrder_Filled_Creation" time="0.587"/>
  <system-out/>
</testsuite> <!-- Orders.Filled_Orders -->
