<?xml version="1.0" encoding="UTF-8"?>
<!-- Generated by org.testng.reporters.JUnitReportReporter -->
<testsuite hostname="Dev-AjmalSyed" failures="0" tests="1" name="OrdersV1.Filled_Orders" time="0.746" errors="0" timestamp="2023-11-29T19:55:50 PKT" skipped="0">
  <testcase classname="OrdersV1.Filled_Orders" name="Verify_BUY_Equity_Order_Filled_Creation" time="0.746"/>
  <system-out/>
</testsuite> <!-- OrdersV1.Filled_Orders -->
