<?xml version="1.0" encoding="UTF-8"?>
<!-- Generated by org.testng.reporters.JUnitReportReporter -->
<testsuite hostname="Dev-AjmalSyed" failures="0" tests="4" name="MarketData_L1.Subscribe_MarketData" time="3.305" errors="0" timestamp="2024-01-04T19:34:06 PKT" skipped="0">
  <testcase classname="MarketData_L1.Subscribe_MarketData" name="Verify_Subscribe_Equity_MarketData" time="0.862"/>
  <system-out/>
  <testcase classname="MarketData_L1.Subscribe_MarketData" name="Verify_Subscribe_Equity_MarketData" time="0.776"/>
  <system-out/>
  <testcase classname="MarketData_L1.Subscribe_MarketData" name="Verify_Subscribe_Equity_MarketData" time="0.782"/>
  <system-out/>
  <testcase classname="MarketData_L1.Subscribe_MarketData" name="Verify_Subscribe_Equity_MarketData" time="0.885"/>
  <system-out/>
</testsuite> <!-- MarketData_L1.Subscribe_MarketData -->
