<?xml version="1.0" encoding="UTF-8"?>
<!-- Generated by org.testng.reporters.JUnitReportReporter -->
<testsuite hostname="Dev-AjmalSyed" failures="0" tests="4" name="MarketData_OPT_L1.Opt_Subscribe" time="9.556" errors="0" timestamp="2024-01-03T20:48:52 PKT" skipped="0">
  <testcase classname="MarketData_OPT_L1.Opt_Subscribe" name="Verify_Subscribe_Individual" time="1.893"/>
  <system-out/>
  <testcase classname="MarketData_OPT_L1.Opt_Subscribe" name="Verify_Subscribe_Individual" time="2.894"/>
  <system-out/>
  <testcase classname="MarketData_OPT_L1.Opt_Subscribe" name="Verify_Subscribe_Individual" time="3.101"/>
  <system-out/>
  <testcase classname="MarketData_OPT_L1.Opt_Subscribe" name="Verify_Subscribe_Individual" time="1.668"/>
  <system-out/>
</testsuite> <!-- MarketData_OPT_L1.Opt_Subscribe -->
