<?xml version="1.0" encoding="UTF-8"?>
<!-- Generated by org.testng.reporters.JUnitReportReporter -->
<testsuite hostname="Dev-AjmalSyed" failures="0" tests="1" name="IdentityServer_API_User.Forgot_Password_Confirm" time="2.034" errors="0" timestamp="2023-12-26T15:50:23 PKT" skipped="0">
  <testcase classname="IdentityServer_API_User.Forgot_Password_Confirm" name="Verify_Forgot_Password_Confirm" time="2.034"/>
  <system-out/>
</testsuite> <!-- IdentityServer_API_User.Forgot_Password_Confirm -->
