<?xml version="1.0" encoding="UTF-8"?>
<!-- Generated by org.testng.reporters.JUnitReportReporter -->
<testsuite hostname="Dev-AjmalSyed" failures="0" tests="6" name="Subscriptions.Flat_Positions" time="5.828" errors="0" timestamp="2023-12-27T20:46:37 PKT" skipped="0">
  <testcase classname="Subscriptions.Flat_Positions" name="Verify_Flat_Option_Positions" time="0.719"/>
  <system-out/>
  <testcase classname="Subscriptions.Flat_Positions" name="Verify_Flat_Option_Positions" time="0.703"/>
  <system-out/>
  <testcase classname="Subscriptions.Flat_Positions" name="Verify_Flat_Option_Positions" time="0.718"/>
  <system-out/>
  <testcase classname="Subscriptions.Flat_Positions" name="Verify_Flat_Option_Positions" time="0.721"/>
  <system-out/>
  <testcase classname="Subscriptions.Flat_Positions" name="Verify_Flat_Option_Positions" time="2.250"/>
  <system-out/>
  <testcase classname="Subscriptions.Flat_Positions" name="Verify_Flat_Option_Positions" time="0.717"/>
  <system-out/>
</testsuite> <!-- Subscriptions.Flat_Positions -->
