<?xml version="1.0" encoding="UTF-8"?>
<!-- Generated by org.testng.reporters.JUnitReportReporter -->
<testsuite hostname="Dev-AjmalSyed" failures="0" tests="1" name="Subscriptions_V3.Option_Positions_Subscribe" time="18.202" errors="0" timestamp="2023-12-21T13:43:48 PKT" skipped="0">
  <testcase classname="Subscriptions_V3.Option_Positions_Subscribe" name="Verify_SubscribeSHORTOption_Position" time="18.202"/>
  <system-out/>
</testsuite> <!-- Subscriptions_V3.Option_Positions_Subscribe -->
