<?xml version="1.0" encoding="UTF-8"?>
<!-- Generated by org.testng.reporters.JUnitReportReporter -->
<testsuite hostname="Dev-AjmalSyed" failures="0" tests="14" name="MarketData_OPT_L1.Subscribe" time="16.070" errors="0" timestamp="2023-09-26T13:19:02 PKT" skipped="0">
  <testcase classname="MarketData_OPT_L1.Subscribe" name="Verify_Subscribe_Individual" time="1.155"/>
  <system-out/>
  <testcase classname="MarketData_OPT_L1.Subscribe" name="Verify_Subscribe_Individual" time="1.144"/>
  <system-out/>
  <testcase classname="MarketData_OPT_L1.Subscribe" name="Verify_Subscribe_Individual" time="1.143"/>
  <system-out/>
  <testcase classname="MarketData_OPT_L1.Subscribe" name="Verify_Subscribe_Individual" time="1.129"/>
  <system-out/>
  <testcase classname="MarketData_OPT_L1.Subscribe" name="Verify_Subscribe_Individual" time="1.141"/>
  <system-out/>
  <testcase classname="MarketData_OPT_L1.Subscribe" name="Verify_Subscribe_Individual" time="1.146"/>
  <system-out/>
  <testcase classname="MarketData_OPT_L1.Subscribe" name="Verify_Subscribe_Individual" time="1.119"/>
  <system-out/>
  <testcase classname="MarketData_OPT_L1.Subscribe" name="Verify_Subscribe_Individual" time="1.143"/>
  <system-out/>
  <testcase classname="MarketData_OPT_L1.Subscribe" name="Verify_Subscribe_Individual" time="1.137"/>
  <system-out/>
  <testcase classname="MarketData_OPT_L1.Subscribe" name="Verify_Subscribe_Individual" time="1.121"/>
  <system-out/>
  <testcase classname="MarketData_OPT_L1.Subscribe" name="Verify_Subscribe_Individual" time="1.123"/>
  <system-out/>
  <testcase classname="MarketData_OPT_L1.Subscribe" name="Verify_Subscribe_Individual" time="1.242"/>
  <system-out/>
  <testcase classname="MarketData_OPT_L1.Subscribe" name="Verify_Subscribe_Individual" time="1.197"/>
  <system-out/>
  <testcase classname="MarketData_OPT_L1.Subscribe" name="Verify_Subscribe_Individual" time="1.130"/>
  <system-out/>
</testsuite> <!-- MarketData_OPT_L1.Subscribe -->
