<?xml version="1.0" encoding="UTF-8"?>
<!-- Generated by org.testng.reporters.JUnitReportReporter -->
<testsuite hostname="Dev-AjmalSyed" failures="0" tests="1" name="LocatesV1.Locates_Acquire" time="10.613" errors="0" timestamp="2023-12-21T21:12:59 PKT" skipped="0">
  <testcase classname="LocatesV1.Locates_Acquire" name="Verify_Locates_Acquire" time="10.613"/>
  <system-out/>
</testsuite> <!-- LocatesV1.Locates_Acquire -->
