<?xml version="1.0" encoding="UTF-8"?>
<!-- Generated by org.testng.reporters.JUnitReportReporter -->
<testsuite hostname="Dev-AjmalSyed" failures="0" tests="7" name="MarketData_L1.CompanyInformation" time="4.577" errors="0" timestamp="2024-01-04T19:34:06 PKT" skipped="0">
  <testcase classname="MarketData_L1.CompanyInformation" name="Verify_CompanyInformation_MarketData" time="0.651"/>
  <system-out/>
  <testcase classname="MarketData_L1.CompanyInformation" name="Verify_CompanyInformation_MarketData" time="0.659"/>
  <system-out/>
  <testcase classname="MarketData_L1.CompanyInformation" name="Verify_CompanyInformation_MarketData" time="0.655"/>
  <system-out/>
  <testcase classname="MarketData_L1.CompanyInformation" name="Verify_CompanyInformation_MarketData" time="0.651"/>
  <system-out/>
  <testcase classname="MarketData_L1.CompanyInformation" name="Verify_CompanyInformation_MarketData" time="0.656"/>
  <system-out/>
  <testcase classname="MarketData_L1.CompanyInformation" name="Verify_CompanyInformation_MarketData" time="0.653"/>
  <system-out/>
  <testcase classname="MarketData_L1.CompanyInformation" name="Verify_CompanyInformation_MarketData" time="0.652"/>
  <system-out/>
</testsuite> <!-- MarketData_L1.CompanyInformation -->
