<?xml version="1.0" encoding="UTF-8"?>
<!-- Generated by org.testng.reporters.JUnitReportReporter -->
<testsuite hostname="Dev-AjmalSyed" failures="0" tests="7" name="Static_Data_V3.StaticData_MktTopPerfExchange" time="4.040" errors="0" timestamp="2023-12-21T21:12:16 PKT" skipped="0">
  <testcase classname="Static_Data_V3.StaticData_MktTopPerfExchange" name="Verify_StaticData_MktTopPerfExchange" time="0.584"/>
  <system-out/>
  <testcase classname="Static_Data_V3.StaticData_MktTopPerfExchange" name="Verify_StaticData_MktTopPerfExchange" time="0.574"/>
  <system-out/>
  <testcase classname="Static_Data_V3.StaticData_MktTopPerfExchange" name="Verify_StaticData_MktTopPerfExchange" time="0.572"/>
  <system-out/>
  <testcase classname="Static_Data_V3.StaticData_MktTopPerfExchange" name="Verify_StaticData_MktTopPerfExchange" time="0.580"/>
  <system-out/>
  <testcase classname="Static_Data_V3.StaticData_MktTopPerfExchange" name="Verify_StaticData_MktTopPerfExchange" time="0.582"/>
  <system-out/>
  <testcase classname="Static_Data_V3.StaticData_MktTopPerfExchange" name="Verify_StaticData_MktTopPerfExchange" time="0.568"/>
  <system-out/>
  <testcase classname="Static_Data_V3.StaticData_MktTopPerfExchange" name="Verify_StaticData_MktTopPerfExchange" time="0.580"/>
  <system-out/>
</testsuite> <!-- Static_Data_V3.StaticData_MktTopPerfExchange -->
