<?xml version="1.0" encoding="UTF-8"?>
<!-- Generated by org.testng.reporters.JUnitReportReporter -->
<testsuite hostname="Dev-AjmalSyed" failures="0" tests="3" name="MarketData_L1.UnSubscribe_Bulk" time="1.800" errors="0" timestamp="2024-01-04T19:34:06 PKT" skipped="0">
  <testcase classname="MarketData_L1.UnSubscribe_Bulk" name="Verify_UnSubscribe_Bulk_Equity_MarketData" time="0.607"/>
  <system-out/>
  <testcase classname="MarketData_L1.UnSubscribe_Bulk" name="Verify_UnSubscribe_Bulk_Equity_MarketData" time="0.591"/>
  <system-out/>
  <testcase classname="MarketData_L1.UnSubscribe_Bulk" name="Verify_UnSubscribe_Bulk_Equity_MarketData" time="0.602"/>
  <system-out/>
</testsuite> <!-- MarketData_L1.UnSubscribe_Bulk -->
