<?xml version="1.0" encoding="UTF-8"?>
<!-- Generated by org.testng.reporters.JUnitReportReporter -->
<testsuite hostname="Dev-AjmalSyed" failures="0" tests="3" name="Static_Data.StaticData_CommType" time="1.735" errors="0" timestamp="2023-12-26T17:09:54 PKT" skipped="0">
  <testcase classname="Static_Data.StaticData_CommType" name="Verify_StaticData_CommType" time="0.570"/>
  <system-out/>
  <testcase classname="Static_Data.StaticData_CommType" name="Verify_StaticData_CommType" time="0.578"/>
  <system-out/>
  <testcase classname="Static_Data.StaticData_CommType" name="Verify_StaticData_CommType" time="0.587"/>
  <system-out/>
</testsuite> <!-- Static_Data.StaticData_CommType -->
