<?xml version="1.0" encoding="UTF-8"?>
<!-- Generated by org.testng.reporters.JUnitReportReporter -->
<testsuite hostname="Dev-AjmalSyed" failures="0" tests="1" name="LocatesAPI.Summary_Available_Subscribe" time="0.673" errors="0" timestamp="2024-01-08T17:45:39 PKT" skipped="0">
  <testcase classname="LocatesAPI.Summary_Available_Subscribe" name="Verify_Summary_Locate_Subscribe" time="0.673"/>
  <system-out/>
</testsuite> <!-- LocatesAPI.Summary_Available_Subscribe -->
