<?xml version="1.0" encoding="UTF-8"?>
<!-- Generated by org.testng.reporters.JUnitReportReporter -->
<testsuite hostname="Dev-AjmalSyed" failures="0" tests="1" name="Subscriptions_V3.Equity_Order_Subscribe" time="1.870" errors="0" timestamp="2023-11-16T13:00:33 PKT" skipped="0">
  <testcase classname="Subscriptions_V3.Equity_Order_Subscribe" name="Verify_SubscribeBUYFilledEquityOrder" time="1.870"/>
  <system-out/>
</testsuite> <!-- Subscriptions_V3.Equity_Order_Subscribe -->
