<?xml version="1.0" encoding="UTF-8"?>
<!-- Generated by org.testng.reporters.JUnitReportReporter -->
<testsuite hostname="Dev-AjmalSyed" failures="0" tests="4" name="MarketData_OPT_L1.Opt_Subscribe_Bulk_NoSnapshot" time="53.396" errors="0" timestamp="2024-01-03T20:48:52 PKT" skipped="0">
  <testcase classname="MarketData_OPT_L1.Opt_Subscribe_Bulk_NoSnapshot" name="Verify_Subscribe_Bulk_NoSnapshot" time="4.670"/>
  <system-out/>
  <testcase classname="MarketData_OPT_L1.Opt_Subscribe_Bulk_NoSnapshot" name="Verify_Subscribe_Bulk_NoSnapshot" time="3.282"/>
  <system-out/>
  <testcase classname="MarketData_OPT_L1.Opt_Subscribe_Bulk_NoSnapshot" name="Verify_Subscribe_Bulk_NoSnapshot" time="36.144"/>
  <system-out/>
  <testcase classname="MarketData_OPT_L1.Opt_Subscribe_Bulk_NoSnapshot" name="Verify_Subscribe_Bulk_NoSnapshot" time="9.300"/>
  <system-out/>
</testsuite> <!-- MarketData_OPT_L1.Opt_Subscribe_Bulk_NoSnapshot -->
