<?xml version="1.0" encoding="UTF-8"?>
<!-- Generated by org.testng.reporters.JUnitReportReporter -->
<testsuite hostname="Dev-AjmalSyed" failures="0" tests="1" name="AuditTrail.Subscribe_qOrderID" time="0.907" errors="0" timestamp="2023-09-28T19:04:57 PKT" skipped="0">
  <testcase classname="AuditTrail.Subscribe_qOrderID" name="Verify_Subscribe_qOrderID" time="0.907"/>
  <system-out/>
</testsuite> <!-- AuditTrail.Subscribe_qOrderID -->
