<?xml version="1.0" encoding="UTF-8"?>
<!-- Generated by org.testng.reporters.JUnitReportReporter -->
<testsuite hostname="Dev-AjmalSyed" failures="0" tests="5" name="IdentityServer_API_User.Create" time="10.469" errors="0" timestamp="2023-09-15T17:47:25 PKT" skipped="0">
  <testcase classname="IdentityServer_API_User.Create" name="Verify_Equity_Order_Active_Open_Creation" time="1.891"/>
  <system-out/>
  <testcase classname="IdentityServer_API_User.Create" name="Verify_Equity_Order_Active_Open_Creation" time="1.830"/>
  <system-out/>
  <testcase classname="IdentityServer_API_User.Create" name="Verify_Equity_Order_Active_Open_Creation" time="2.868"/>
  <system-out/>
  <testcase classname="IdentityServer_API_User.Create" name="Verify_Equity_Order_Active_Open_Creation" time="2.017"/>
  <system-out/>
  <testcase classname="IdentityServer_API_User.Create" name="Verify_Equity_Order_Active_Open_Creation" time="1.863"/>
  <system-out/>
</testsuite> <!-- IdentityServer_API_User.Create -->
