<?xml version="1.0" encoding="UTF-8"?>
<!-- Generated by org.testng.reporters.JUnitReportReporter -->
<testsuite hostname="Dev-AjmalSyed" failures="0" tests="2" name="OptionOrdersV1.Create_OptionOrders" time="1.077" errors="0" timestamp="2023-09-01T20:34:25 PKT" skipped="0">
  <testcase classname="OptionOrdersV1.Create_OptionOrders" name="Verify_Order_Creation_With_Valid_Expiry_Date" time="0.565"/>
  <system-out/>
  <testcase classname="OptionOrdersV1.Create_OptionOrders" name="Verify_Order_Creation_With_Old_Expiry_Date" time="0.512"/>
  <system-out/>
</testsuite> <!-- OptionOrdersV1.Create_OptionOrders -->
