<?xml version="1.0" encoding="UTF-8"?>
<!-- Generated by org.testng.reporters.JUnitReportReporter -->
<testsuite hostname="Dev-AjmalSyed" failures="0" tests="1" name="Account_Balances.Subscribe_AccountBalance" time="0.625" errors="0" timestamp="2024-01-08T17:47:09 PKT" skipped="0">
  <testcase classname="Account_Balances.Subscribe_AccountBalance" name="Verify_Subscribe_AccountBalance" time="0.625"/>
  <system-out/>
</testsuite> <!-- Account_Balances.Subscribe_AccountBalance -->
