<?xml version="1.0" encoding="UTF-8"?>
<!-- Generated by org.testng.reporters.JUnitReportReporter -->
<testsuite hostname="Dev-AjmalSyed" failures="0" tests="5" name="Subscriptions.Equity_Order_Subscribe" time="7.807" errors="0" timestamp="2023-12-27T17:56:46 PKT" skipped="0">
  <testcase classname="Subscriptions.Equity_Order_Subscribe" name="Verify_SubscribeRejectedEquityOrder" time="2.159"/>
  <system-out/>
  <testcase classname="Subscriptions.Equity_Order_Subscribe" name="Verify_SubscribeRejectedEquityOrder" time="1.122"/>
  <system-out/>
  <testcase classname="Subscriptions.Equity_Order_Subscribe" name="Verify_SubscribeRejectedEquityOrder" time="1.295"/>
  <system-out/>
  <testcase classname="Subscriptions.Equity_Order_Subscribe" name="Verify_SubscribeRejectedEquityOrder" time="1.741"/>
  <system-out/>
  <testcase classname="Subscriptions.Equity_Order_Subscribe" name="Verify_SubscribeRejectedEquityOrder" time="1.490"/>
  <system-out/>
</testsuite> <!-- Subscriptions.Equity_Order_Subscribe -->
