<?xml version="1.0" encoding="UTF-8"?>
<!-- Generated by org.testng.reporters.JUnitReportReporter -->
<testsuite hostname="Dev-AjmalSyed" failures="0" tests="1" name="OptionOrders.Create_OptionOrder" time="0.814" errors="0" timestamp="2023-12-27T20:27:14 PKT" skipped="0">
  <testcase classname="OptionOrders.Create_OptionOrder" name="Verify_Order_Creation_Active_Open_Status" time="0.814"/>
  <system-out/>
</testsuite> <!-- OptionOrders.Create_OptionOrder -->
