<?xml version="1.0" encoding="UTF-8"?>
<!-- Generated by org.testng.reporters.JUnitReportReporter -->
<testsuite hostname="Dev-AjmalSyed" failures="0" tests="1" name="OrdersV1.Delete" time="9.793" errors="0" timestamp="2023-12-21T17:24:43 PKT" skipped="0">
  <testcase classname="OrdersV1.Delete" name="Verify_Delete_Equity_Order" time="9.793"/>
  <system-out/>
</testsuite> <!-- OrdersV1.Delete -->
