<?xml version="1.0" encoding="UTF-8"?>
<!-- Generated by org.testng.reporters.JUnitReportReporter -->
<testsuite hostname="Dev-AjmalSyed" failures="0" tests="8" name="MarketData_L1.Historicaldata_Snapshot" time="5.943" errors="0" timestamp="2024-01-04T19:34:06 PKT" skipped="0">
  <testcase classname="MarketData_L1.Historicaldata_Snapshot" name="Verify_Historicaldata_Snapshot_MarketData" time="0.734"/>
  <system-out/>
  <testcase classname="MarketData_L1.Historicaldata_Snapshot" name="Verify_Historicaldata_Snapshot_MarketData" time="0.722"/>
  <system-out/>
  <testcase classname="MarketData_L1.Historicaldata_Snapshot" name="Verify_Historicaldata_Snapshot_MarketData" time="0.744"/>
  <system-out/>
  <testcase classname="MarketData_L1.Historicaldata_Snapshot" name="Verify_Historicaldata_Snapshot_MarketData" time="0.749"/>
  <system-out/>
  <testcase classname="MarketData_L1.Historicaldata_Snapshot" name="Verify_Historicaldata_Snapshot_MarketData" time="0.779"/>
  <system-out/>
  <testcase classname="MarketData_L1.Historicaldata_Snapshot" name="Verify_Historicaldata_Snapshot_MarketData" time="0.731"/>
  <system-out/>
  <testcase classname="MarketData_L1.Historicaldata_Snapshot" name="Verify_Historicaldata_Snapshot_MarketData" time="0.736"/>
  <system-out/>
  <testcase classname="MarketData_L1.Historicaldata_Snapshot" name="Verify_Historicaldata_Snapshot_MarketData" time="0.748"/>
  <system-out/>
</testsuite> <!-- MarketData_L1.Historicaldata_Snapshot -->
