<?xml version="1.0" encoding="UTF-8"?>
<!-- Generated by org.testng.reporters.JUnitReportReporter -->
<testsuite hostname="Dev-AjmalSyed" failures="0" tests="1" name="OptionOrdersV1.Create_OptionOrder" time="0.613" errors="0" timestamp="2023-12-21T21:03:01 PKT" skipped="0">
  <testcase classname="OptionOrdersV1.Create_OptionOrder" name="Verify_Order_Creation_Active_Open_Status" time="0.613"/>
  <system-out/>
</testsuite> <!-- OptionOrdersV1.Create_OptionOrder -->
