<?xml version="1.0" encoding="UTF-8"?>
<!-- Generated by org.testng.reporters.JUnitReportReporter -->
<testsuite hostname="Dev-AjmalSyed" failures="0" tests="5" name="MarketData_L1_V3.CompanyInformation" time="4.383" errors="0" timestamp="2023-10-30T13:11:48 PKT" skipped="0">
  <testcase classname="MarketData_L1_V3.CompanyInformation" name="Verify_CompanyInformation_MarketData" time="0.796"/>
  <system-out/>
  <testcase classname="MarketData_L1_V3.CompanyInformation" name="Verify_CompanyInformation_MarketData" time="0.812"/>
  <system-out/>
  <testcase classname="MarketData_L1_V3.CompanyInformation" name="Verify_CompanyInformation_MarketData" time="0.809"/>
  <system-out/>
  <testcase classname="MarketData_L1_V3.CompanyInformation" name="Verify_CompanyInformation_MarketData" time="0.819"/>
  <system-out/>
  <testcase classname="MarketData_L1_V3.CompanyInformation" name="Verify_CompanyInformation_MarketData" time="1.147"/>
  <system-out/>
</testsuite> <!-- MarketData_L1_V3.CompanyInformation -->
