<?xml version="1.0" encoding="UTF-8"?>
<!-- Generated by org.testng.reporters.JUnitReportReporter -->
<testsuite hostname="Dev-AjmalSyed" failures="0" tests="1" name="Account_Balances.UnSubscribe_AccountBalance" time="0.581" errors="0" timestamp="2024-01-08T17:47:09 PKT" skipped="0">
  <testcase classname="Account_Balances.UnSubscribe_AccountBalance" name="Verify_UnSubscribe_AccountBalance" time="0.581"/>
  <system-out/>
</testsuite> <!-- Account_Balances.UnSubscribe_AccountBalance -->
