<?xml version="1.0" encoding="UTF-8"?>
<!-- Generated by org.testng.reporters.JUnitReportReporter -->
<testsuite hostname="Dev-AjmalSyed" failures="0" tests="1" name="IdentityServer_API_Admin.UserAccountsAssociate" time="0.651" errors="0" timestamp="2023-12-26T15:12:28 PKT" skipped="0">
  <testcase classname="IdentityServer_API_Admin.UserAccountsAssociate" name="Verify_User_Account_Associate" time="0.651"/>
  <system-out/>
</testsuite> <!-- IdentityServer_API_Admin.UserAccountsAssociate -->
