<?xml version="1.0" encoding="UTF-8"?>
<!-- Generated by org.testng.reporters.JUnitReportReporter -->
<testsuite hostname="Dev-AjmalSyed" failures="0" tests="2" name="IdentityServer_API_Admin.UpdateUserStatus" time="2.369" errors="0" timestamp="2023-12-26T15:12:28 PKT" skipped="0">
  <testcase classname="IdentityServer_API_Admin.UpdateUserStatus" name="Verify_Update_User_Status" time="1.188"/>
  <system-out/>
  <testcase classname="IdentityServer_API_Admin.UpdateUserStatus" name="Verify_Update_User_Status" time="1.181"/>
  <system-out/>
</testsuite> <!-- IdentityServer_API_Admin.UpdateUserStatus -->
