<?xml version="1.0" encoding="UTF-8"?>
<!-- Generated by org.testng.reporters.JUnitReportReporter -->
<testsuite hostname="Dev-AjmalSyed" failures="0" tests="4" name="MarketData_OPT_L1.Opt_UnSubscribe_Bulk_NoSnapshot" time="59.689" errors="0" timestamp="2024-01-02T21:05:43 PKT" skipped="0">
  <testcase classname="MarketData_OPT_L1.Opt_UnSubscribe_Bulk_NoSnapshot" name="Verify_UnSubscribe_Bulk_NoSnapshot" time="39.377"/>
  <system-out/>
  <testcase classname="MarketData_OPT_L1.Opt_UnSubscribe_Bulk_NoSnapshot" name="Verify_UnSubscribe_Bulk_NoSnapshot" time="11.561"/>
  <system-out/>
  <testcase classname="MarketData_OPT_L1.Opt_UnSubscribe_Bulk_NoSnapshot" name="Verify_UnSubscribe_Bulk_NoSnapshot" time="3.092"/>
  <system-out/>
  <testcase classname="MarketData_OPT_L1.Opt_UnSubscribe_Bulk_NoSnapshot" name="Verify_UnSubscribe_Bulk_NoSnapshot" time="5.659"/>
  <system-out/>
</testsuite> <!-- MarketData_OPT_L1.Opt_UnSubscribe_Bulk_NoSnapshot -->
