<?xml version="1.0" encoding="UTF-8"?>
<!-- Generated by org.testng.reporters.JUnitReportReporter -->
<testsuite hostname="Dev-AjmalSyed" failures="0" tests="1" name="OptionOrders.Update_OptionOrder" time="2.733" errors="0" timestamp="2023-12-27T20:27:14 PKT" skipped="0">
  <testcase classname="OptionOrders.Update_OptionOrder" name="Verify_Update_Option_Order" time="2.733"/>
  <system-out/>
</testsuite> <!-- OptionOrders.Update_OptionOrder -->
