<?xml version="1.0" encoding="UTF-8"?>
<!-- Generated by org.testng.reporters.JUnitReportReporter -->
<testsuite hostname="Dev-AjmalSyed" failures="0" tests="7" name="Static_Data.StaticData_Account" time="4.034" errors="0" timestamp="2023-12-26T17:09:54 PKT" skipped="0">
  <testcase classname="Static_Data.StaticData_Account" name="Verify_StaticData_Account" time="0.572"/>
  <system-out/>
  <testcase classname="Static_Data.StaticData_Account" name="Verify_StaticData_Account" time="0.574"/>
  <system-out/>
  <testcase classname="Static_Data.StaticData_Account" name="Verify_StaticData_Account" time="0.579"/>
  <system-out/>
  <testcase classname="Static_Data.StaticData_Account" name="Verify_StaticData_Account" time="0.579"/>
  <system-out/>
  <testcase classname="Static_Data.StaticData_Account" name="Verify_StaticData_Account" time="0.577"/>
  <system-out/>
  <testcase classname="Static_Data.StaticData_Account" name="Verify_StaticData_Account" time="0.579"/>
  <system-out/>
  <testcase classname="Static_Data.StaticData_Account" name="Verify_StaticData_Account" time="0.574"/>
  <system-out/>
</testsuite> <!-- Static_Data.StaticData_Account -->
