<?xml version="1.0" encoding="UTF-8"?>
<!-- Generated by org.testng.reporters.JUnitReportReporter -->
<testsuite hostname="Dev-AjmalSyed" failures="0" tests="2" name="Subscriptions.Open_Order_Subscribe" time="2.809" errors="0" timestamp="2024-01-03T19:58:16 PKT" skipped="0">
  <testcase classname="Subscriptions.Open_Order_Subscribe" name="Verify_SubscribeOpenOrder" time="0.866"/>
  <system-out/>
  <testcase classname="Subscriptions.Open_Order_Subscribe" name="Verify_SubscribeOpenOrder" time="1.943"/>
  <system-out/>
</testsuite> <!-- Subscriptions.Open_Order_Subscribe -->
