<?xml version="1.0" encoding="UTF-8"?>
<!-- Generated by org.testng.reporters.JUnitReportReporter -->
<testsuite hostname="Dev-AjmalSyed" failures="0" tests="7" name="Static_Data_V3.StaticData_TIF" time="4.026" errors="0" timestamp="2023-12-21T21:12:16 PKT" skipped="0">
  <testcase classname="Static_Data_V3.StaticData_TIF" name="Verify_StaticData_TIF" time="0.583"/>
  <system-out/>
  <testcase classname="Static_Data_V3.StaticData_TIF" name="Verify_StaticData_TIF" time="0.573"/>
  <system-out/>
  <testcase classname="Static_Data_V3.StaticData_TIF" name="Verify_StaticData_TIF" time="0.570"/>
  <system-out/>
  <testcase classname="Static_Data_V3.StaticData_TIF" name="Verify_StaticData_TIF" time="0.577"/>
  <system-out/>
  <testcase classname="Static_Data_V3.StaticData_TIF" name="Verify_StaticData_TIF" time="0.566"/>
  <system-out/>
  <testcase classname="Static_Data_V3.StaticData_TIF" name="Verify_StaticData_TIF" time="0.579"/>
  <system-out/>
  <testcase classname="Static_Data_V3.StaticData_TIF" name="Verify_StaticData_TIF" time="0.578"/>
  <system-out/>
</testsuite> <!-- Static_Data_V3.StaticData_TIF -->
