<?xml version="1.0" encoding="UTF-8"?>
<!-- Generated by org.testng.reporters.JUnitReportReporter -->
<testsuite hostname="Dev-AjmalSyed" failures="0" tests="1" name="Subscriptions.Order_Positions_UnSubscribe" time="0.637" errors="0" timestamp="2023-12-27T17:46:47 PKT" skipped="0">
  <testcase classname="Subscriptions.Order_Positions_UnSubscribe" name="Verify_UnSubscribe_Order_Positions" time="0.637"/>
  <system-out/>
</testsuite> <!-- Subscriptions.Order_Positions_UnSubscribe -->
