<?xml version="1.0" encoding="UTF-8"?>
<!-- Generated by org.testng.reporters.JUnitReportReporter -->
<testsuite hostname="Dev-AjmalSyed" failures="0" tests="8" name="MarketData_OPT_L1.Opt_Subscribe_Bulk" time="112.912" errors="0" timestamp="2024-01-03T20:48:52 PKT" skipped="0">
  <testcase classname="MarketData_OPT_L1.Opt_Subscribe_Bulk" name="Verify_Subscribe_Bulk" time="2.332"/>
  <system-out/>
  <testcase classname="MarketData_OPT_L1.Opt_Subscribe_Bulk" name="Verify_Subscribe_Bulk" time="3.759"/>
  <system-out/>
  <testcase classname="MarketData_OPT_L1.Opt_Subscribe_Bulk" name="Verify_Subscribe_Bulk" time="2.465"/>
  <system-out/>
  <testcase classname="MarketData_OPT_L1.Opt_Subscribe_Bulk" name="Verify_Subscribe_Bulk" time="5.533"/>
  <system-out/>
  <testcase classname="MarketData_OPT_L1.Opt_Subscribe_Bulk" name="Verify_Subscribe_Bulk" time="11.254"/>
  <system-out/>
  <testcase classname="MarketData_OPT_L1.Opt_Subscribe_Bulk" name="Verify_Subscribe_Bulk" time="9.159"/>
  <system-out/>
  <testcase classname="MarketData_OPT_L1.Opt_Subscribe_Bulk" name="Verify_Subscribe_Bulk" time="38.754"/>
  <system-out/>
  <testcase classname="MarketData_OPT_L1.Opt_Subscribe_Bulk" name="Verify_Subscribe_Bulk" time="39.656"/>
  <system-out/>
</testsuite> <!-- MarketData_OPT_L1.Opt_Subscribe_Bulk -->
