<?xml version="1.0" encoding="UTF-8"?>
<!-- Generated by org.testng.reporters.JUnitReportReporter -->
<testsuite hostname="Dev-AjmalSyed" failures="0" tests="1" name="AuditTrail.Subscribe_OrderID" time="0.936" errors="0" timestamp="2023-09-28T18:46:23 PKT" skipped="0">
  <testcase classname="AuditTrail.Subscribe_OrderID" name="Verify_Subscribe_OrderID" time="0.936"/>
  <system-out/>
</testsuite> <!-- AuditTrail.Subscribe_OrderID -->
