<?xml version="1.0" encoding="UTF-8"?>
<!-- Generated by org.testng.reporters.JUnitReportReporter -->
<testsuite hostname="Dev-AjmalSyed" failures="0" tests="1" name="Subscriptions_V3.Executions_UnSubscribe" time="0.806" errors="0" timestamp="2023-10-03T17:51:26 PKT" skipped="0">
  <testcase classname="Subscriptions_V3.Executions_UnSubscribe" name="Verify_UnSubscribeExecutions" time="0.806"/>
  <system-out/>
</testsuite> <!-- Subscriptions_V3.Executions_UnSubscribe -->
