<?xml version="1.0" encoding="UTF-8"?>
<!-- Generated by org.testng.reporters.JUnitReportReporter -->
<testsuite hostname="Dev-AjmalSyed" failures="0" tests="1" name="IdentityServer_API_Admin.Dumm" time="0.025" errors="0" timestamp="2023-10-05T11:59:49 PKT" skipped="0">
  <testcase classname="IdentityServer_API_Admin.Dumm" name="AdminLoginAuthentications" time="0.025"/>
  <system-out/>
</testsuite> <!-- IdentityServer_API_Admin.Dumm -->
