<?xml version="1.0" encoding="UTF-8"?>
<!-- Generated by org.testng.reporters.JUnitReportReporter -->
<testsuite hostname="Dev-AjmalSyed" failures="0" tests="1" name="OptionOrdersV1.Cancel_OptionOrder" time="3.756" errors="0" timestamp="2023-12-21T20:55:28 PKT" skipped="0">
  <testcase classname="OptionOrdersV1.Cancel_OptionOrder" name="Verify_Cancel_Option_Order" time="3.756"/>
  <system-out/>
</testsuite> <!-- OptionOrdersV1.Cancel_OptionOrder -->
