<?xml version="1.0" encoding="UTF-8"?>
<!-- Generated by org.testng.reporters.JUnitReportReporter -->
<testsuite hostname="Dev-AjmalSyed" failures="0" tests="3" name="Subscriptions.Order_Executions_Subscribe" time="48.766" errors="0" timestamp="2023-12-27T17:07:31 PKT" skipped="0">
  <testcase classname="Subscriptions.Order_Executions_Subscribe" name="Verify_SubscribeSHORTSELL_Executions" time="14.732"/>
  <system-out/>
  <testcase classname="Subscriptions.Order_Executions_Subscribe" name="Verify_SubscribeSELLExecutions" time="16.435"/>
  <system-out/>
  <testcase classname="Subscriptions.Order_Executions_Subscribe" name="Verify_SubscribeBUYExecutions" time="17.599"/>
  <system-out/>
</testsuite> <!-- Subscriptions.Order_Executions_Subscribe -->
