<?xml version="1.0" encoding="UTF-8"?>
<!-- Generated by org.testng.reporters.JUnitReportReporter -->
<testsuite hostname="Dev-AjmalSyed" failures="0" tests="4" name="MarketData_OPT_L1.Opt_UnSubscribe" time="11.303" errors="0" timestamp="2024-01-03T20:48:52 PKT" skipped="0">
  <testcase classname="MarketData_OPT_L1.Opt_UnSubscribe" name="Verify_UnSubscribe_Individual" time="2.987"/>
  <system-out/>
  <testcase classname="MarketData_OPT_L1.Opt_UnSubscribe" name="Verify_UnSubscribe_Individual" time="2.173"/>
  <system-out/>
  <testcase classname="MarketData_OPT_L1.Opt_UnSubscribe" name="Verify_UnSubscribe_Individual" time="3.749"/>
  <system-out/>
  <testcase classname="MarketData_OPT_L1.Opt_UnSubscribe" name="Verify_UnSubscribe_Individual" time="2.394"/>
  <system-out/>
</testsuite> <!-- MarketData_OPT_L1.Opt_UnSubscribe -->
