<?xml version="1.0" encoding="UTF-8"?>
<!-- Generated by org.testng.reporters.JUnitReportReporter -->
<testsuite hostname="Dev-AjmalSyed" failures="0" tests="5" name="Static_Data_V3.StaticData_BlotterPackage_Permissions" time="2.862" errors="0" timestamp="2023-12-21T21:12:16 PKT" skipped="0">
  <testcase classname="Static_Data_V3.StaticData_BlotterPackage_Permissions" name="Verify_StaticData_BlotterPackage_Permissions" time="0.577"/>
  <system-out/>
  <testcase classname="Static_Data_V3.StaticData_BlotterPackage_Permissions" name="Verify_StaticData_BlotterPackage_Permissions" time="0.577"/>
  <system-out/>
  <testcase classname="Static_Data_V3.StaticData_BlotterPackage_Permissions" name="Verify_StaticData_BlotterPackage_Permissions" time="0.570"/>
  <system-out/>
  <testcase classname="Static_Data_V3.StaticData_BlotterPackage_Permissions" name="Verify_StaticData_BlotterPackage_Permissions" time="0.570"/>
  <system-out/>
  <testcase classname="Static_Data_V3.StaticData_BlotterPackage_Permissions" name="Verify_StaticData_BlotterPackage_Permissions" time="0.568"/>
  <system-out/>
</testsuite> <!-- Static_Data_V3.StaticData_BlotterPackage_Permissions -->
