<?xml version="1.0" encoding="UTF-8"?>
<!-- Generated by org.testng.reporters.JUnitReportReporter -->
<testsuite hostname="Dev-AjmalSyed" failures="0" tests="3" name="Static_Data_V3.StaticData_Side" time="1.714" errors="0" timestamp="2023-12-21T21:12:16 PKT" skipped="0">
  <testcase classname="Static_Data_V3.StaticData_Side" name="Verify_StaticData_Side" time="0.568"/>
  <system-out/>
  <testcase classname="Static_Data_V3.StaticData_Side" name="Verify_StaticData_Side" time="0.576"/>
  <system-out/>
  <testcase classname="Static_Data_V3.StaticData_Side" name="Verify_StaticData_Side" time="0.570"/>
  <system-out/>
</testsuite> <!-- Static_Data_V3.StaticData_Side -->
