<?xml version="1.0" encoding="UTF-8"?>
<!-- Generated by org.testng.reporters.JUnitReportReporter -->
<testsuite hostname="Dev-AjmalSyed" failures="0" tests="3" name="Static_Data.StaticData_Side" time="1.739" errors="0" timestamp="2023-12-26T17:09:54 PKT" skipped="0">
  <testcase classname="Static_Data.StaticData_Side" name="Verify_StaticData_Side" time="0.583"/>
  <system-out/>
  <testcase classname="Static_Data.StaticData_Side" name="Verify_StaticData_Side" time="0.586"/>
  <system-out/>
  <testcase classname="Static_Data.StaticData_Side" name="Verify_StaticData_Side" time="0.570"/>
  <system-out/>
</testsuite> <!-- Static_Data.StaticData_Side -->
