<?xml version="1.0" encoding="UTF-8"?>
<!-- Generated by org.testng.reporters.JUnitReportReporter -->
<testsuite hostname="Dev-AjmalSyed" failures="0" tests="2" name="Static_Data_V3.StaticData_LocateTIF" time="1.201" errors="0" timestamp="2023-12-21T21:12:16 PKT" skipped="0">
  <testcase classname="Static_Data_V3.StaticData_LocateTIF" name="Verify_StaticData_LocateTIF" time="0.584"/>
  <system-out/>
  <testcase classname="Static_Data_V3.StaticData_LocateTIF" name="Verify_StaticData_LocateTIF" time="0.617"/>
  <system-out/>
</testsuite> <!-- Static_Data_V3.StaticData_LocateTIF -->
