<?xml version="1.0" encoding="UTF-8"?>
<!-- Generated by org.testng.reporters.JUnitReportReporter -->
<testsuite hostname="Dev-AjmalSyed" failures="0" tests="1" name="LocatesAPI.Locates" time="0.631" errors="0" timestamp="2024-01-08T17:45:39 PKT" skipped="0">
  <testcase classname="LocatesAPI.Locates" name="Verify_Post_Locates" time="0.631"/>
  <system-out/>
</testsuite> <!-- LocatesAPI.Locates -->
