<?xml version="1.0" encoding="UTF-8"?>
<!-- Generated by org.testng.reporters.JUnitReportReporter -->
<testsuite hostname="Dev-AjmalSyed" failures="0" tests="1" name="Orders.Update" time="2.906" errors="0" timestamp="2023-12-27T16:59:39 PKT" skipped="0">
  <testcase classname="Orders.Update" name="Verify_Update_Equity_Order" time="2.906"/>
  <system-out/>
</testsuite> <!-- Orders.Update -->
