<?xml version="1.0" encoding="UTF-8"?>
<!-- Generated by org.testng.reporters.JUnitReportReporter -->
<testsuite hostname="Dev-AjmalSyed" failures="0" tests="7" name="Static_Data_V3.StaticData_Account" time="4.034" errors="0" timestamp="2023-12-21T21:12:16 PKT" skipped="0">
  <testcase classname="Static_Data_V3.StaticData_Account" name="Verify_StaticData_Account" time="0.572"/>
  <system-out/>
  <testcase classname="Static_Data_V3.StaticData_Account" name="Verify_StaticData_Account" time="0.573"/>
  <system-out/>
  <testcase classname="Static_Data_V3.StaticData_Account" name="Verify_StaticData_Account" time="0.572"/>
  <system-out/>
  <testcase classname="Static_Data_V3.StaticData_Account" name="Verify_StaticData_Account" time="0.585"/>
  <system-out/>
  <testcase classname="Static_Data_V3.StaticData_Account" name="Verify_StaticData_Account" time="0.588"/>
  <system-out/>
  <testcase classname="Static_Data_V3.StaticData_Account" name="Verify_StaticData_Account" time="0.571"/>
  <system-out/>
  <testcase classname="Static_Data_V3.StaticData_Account" name="Verify_StaticData_Account" time="0.573"/>
  <system-out/>
</testsuite> <!-- Static_Data_V3.StaticData_Account -->
