<?xml version="1.0" encoding="UTF-8"?>
<!-- Generated by org.testng.reporters.JUnitReportReporter -->
<testsuite hostname="Dev-AjmalSyed" failures="0" tests="1" name="Static_Data.StaticData_Blotter_Permissions" time="0.689" errors="0" timestamp="2023-12-26T17:09:54 PKT" skipped="0">
  <testcase classname="Static_Data.StaticData_Blotter_Permissions" name="Verify_StaticData_BlotterPermissions" time="0.689"/>
  <system-out/>
</testsuite> <!-- Static_Data.StaticData_Blotter_Permissions -->
