<?xml version="1.0" encoding="UTF-8"?>
<!-- Generated by org.testng.reporters.JUnitReportReporter -->
<testsuite hostname="Dev-AjmalSyed" failures="0" tests="1" name="Subscriptions.Option_Positions_UnSubscribe" time="0.598" errors="0" timestamp="2023-12-27T20:46:37 PKT" skipped="0">
  <testcase classname="Subscriptions.Option_Positions_UnSubscribe" name="Verify_UnSubscribe_Option_Positions" time="0.598"/>
  <system-out/>
</testsuite> <!-- Subscriptions.Option_Positions_UnSubscribe -->
