<?xml version="1.0" encoding="UTF-8"?>
<!-- Generated by org.testng.reporters.JUnitReportReporter -->
<testsuite hostname="Dev-AjmalSyed" failures="0" tests="12" name="IdentityServer_API_Admin.UserRegister" time="164.311" errors="0" timestamp="2023-12-26T15:12:28 PKT" skipped="0">
  <testcase classname="IdentityServer_API_Admin.UserRegister" name="Verify_User_Registeration" time="3.553"/>
  <system-out/>
  <testcase classname="IdentityServer_API_Admin.UserRegister" name="Verify_User_Registeration" time="3.504"/>
  <system-out/>
  <testcase classname="IdentityServer_API_Admin.UserRegister" name="Verify_User_Registeration" time="3.531"/>
  <system-out/>
  <testcase classname="IdentityServer_API_Admin.UserRegister" name="Verify_User_Registeration" time="3.863"/>
  <system-out/>
  <testcase classname="IdentityServer_API_Admin.UserRegister" name="Verify_User_Registeration" time="3.520"/>
  <system-out/>
  <testcase classname="IdentityServer_API_Admin.UserRegister" name="Verify_User_Registeration" time="60.678"/>
  <system-out/>
  <testcase classname="IdentityServer_API_Admin.UserRegister" name="Verify_User_Registeration" time="67.498"/>
  <system-out/>
  <testcase classname="IdentityServer_API_Admin.UserRegister" name="Verify_User_Registeration" time="3.850"/>
  <system-out/>
  <testcase classname="IdentityServer_API_Admin.UserRegister" name="Verify_User_Registeration" time="3.707"/>
  <system-out/>
  <testcase classname="IdentityServer_API_Admin.UserRegister" name="Verify_User_Registeration" time="3.546"/>
  <system-out/>
  <testcase classname="IdentityServer_API_Admin.UserRegister" name="Verify_User_Registeration" time="3.534"/>
  <system-out/>
  <testcase classname="IdentityServer_API_Admin.UserRegister" name="Verify_User_Registeration" time="3.527"/>
  <system-out/>
</testsuite> <!-- IdentityServer_API_Admin.UserRegister -->
