<?xml version="1.0" encoding="UTF-8"?>
<!-- Generated by org.testng.reporters.JUnitReportReporter -->
<testsuite hostname="Dev-AjmalSyed" failures="0" tests="5" name="Orders.Create" time="2.988" errors="0" timestamp="2023-12-27T17:56:46 PKT" skipped="0">
  <testcase classname="Orders.Create" name="Verify_Equity_Order_Rejected_Creation" time="0.591"/>
  <system-out/>
  <testcase classname="Orders.Create" name="Verify_Equity_Order_Rejected_Creation" time="0.606"/>
  <system-out/>
  <testcase classname="Orders.Create" name="Verify_Equity_Order_Rejected_Creation" time="0.590"/>
  <system-out/>
  <testcase classname="Orders.Create" name="Verify_Equity_Order_Rejected_Creation" time="0.609"/>
  <system-out/>
  <testcase classname="Orders.Create" name="Verify_Equity_Order_Rejected_Creation" time="0.592"/>
  <system-out/>
</testsuite> <!-- Orders.Create -->
