<?xml version="1.0" encoding="UTF-8"?>
<!-- Generated by org.testng.reporters.JUnitReportReporter -->
<testsuite hostname="Dev-AjmalSyed" failures="0" tests="1" name="OMSAPI_Test.OMSAPI_TestCases" time="1.151" errors="0" timestamp="2023-09-01T16:33:11 PKT" skipped="0">
  <testcase classname="OMSAPI_Test.OMSAPI_TestCases" name="getLoginAuthentication" time="1.151"/>
  <system-out/>
</testsuite> <!-- OMSAPI_Test.OMSAPI_TestCases -->
