<?xml version="1.0" encoding="UTF-8"?>
<!-- Generated by org.testng.reporters.JUnitReportReporter -->
<testsuite hostname="Dev-AjmalSyed" failures="0" tests="1" name="Subscriptions.Option_Order_Subscribe" time="1.022" errors="0" timestamp="2023-12-27T20:27:14 PKT" skipped="0">
  <testcase classname="Subscriptions.Option_Order_Subscribe" name="Verify_SubscribeActiveOptionOrder" time="1.022"/>
  <system-out/>
</testsuite> <!-- Subscriptions.Option_Order_Subscribe -->
