<?xml version="1.0" encoding="UTF-8"?>
<!-- Generated by org.testng.reporters.JUnitReportReporter -->
<testsuite hostname="Dev-AjmalSyed" failures="0" tests="2" name="OpenOrders.Create_OpenOrder" time="1.235" errors="0" timestamp="2024-01-03T19:58:16 PKT" skipped="0">
  <testcase classname="OpenOrders.Create_OpenOrder" name="Verify_Open_Order_Creation" time="0.618"/>
  <system-out/>
  <testcase classname="OpenOrders.Create_OpenOrder" name="Verify_Open_Order_Creation" time="0.617"/>
  <system-out/>
</testsuite> <!-- OpenOrders.Create_OpenOrder -->
