<?xml version="1.0" encoding="UTF-8"?>
<!-- Generated by org.testng.reporters.JUnitReportReporter -->
<testsuite hostname="Dev-AjmalSyed" failures="0" tests="379" name="MarketDataAPI.MarketData" time="433.548" errors="0" timestamp="2023-10-03T20:08:37 PKT" skipped="0">
  <testcase classname="MarketDataAPI.MarketData" name="NYSE_Halt_Symbols" time="1.098"/>
  <system-out/>
  <testcase classname="MarketDataAPI.MarketData" name="NYSE_Halt_Symbols" time="1.107"/>
  <system-out/>
  <testcase classname="MarketDataAPI.MarketData" name="NYSE_Halt_Symbols" time="1.092"/>
  <system-out/>
  <testcase classname="MarketDataAPI.MarketData" name="NYSE_Halt_Symbols" time="1.092"/>
  <system-out/>
  <testcase classname="MarketDataAPI.MarketData" name="NYSE_Halt_Symbols" time="1.109"/>
  <system-out/>
  <testcase classname="MarketDataAPI.MarketData" name="NYSE_Halt_Symbols" time="1.151"/>
  <system-out/>
  <testcase classname="MarketDataAPI.MarketData" name="NYSE_Halt_Symbols" time="1.092"/>
  <system-out/>
  <testcase classname="MarketDataAPI.MarketData" name="NYSE_Halt_Symbols" time="1.103"/>
  <system-out/>
  <testcase classname="MarketDataAPI.MarketData" name="NYSE_Halt_Symbols" time="1.122"/>
  <system-out/>
  <testcase classname="MarketDataAPI.MarketData" name="NYSE_Halt_Symbols" time="1.111"/>
  <system-out/>
  <testcase classname="MarketDataAPI.MarketData" name="NYSE_Halt_Symbols" time="1.119"/>
  <system-out/>
  <testcase classname="MarketDataAPI.MarketData" name="NYSE_Halt_Symbols" time="1.096"/>
  <system-out/>
  <testcase classname="MarketDataAPI.MarketData" name="NYSE_Halt_Symbols" time="1.098"/>
  <system-out/>
  <testcase classname="MarketDataAPI.MarketData" name="NYSE_Halt_Symbols" time="1.208"/>
  <system-out/>
  <testcase classname="MarketDataAPI.MarketData" name="NYSE_Halt_Symbols" time="1.100"/>
  <system-out/>
  <testcase classname="MarketDataAPI.MarketData" name="NYSE_Halt_Symbols" time="1.085"/>
  <system-out/>
  <testcase classname="MarketDataAPI.MarketData" name="NYSE_Halt_Symbols" time="1.108"/>
  <system-out/>
  <testcase classname="MarketDataAPI.MarketData" name="NYSE_Halt_Symbols" time="1.116"/>
  <system-out/>
  <testcase classname="MarketDataAPI.MarketData" name="NYSE_Halt_Symbols" time="1.106"/>
  <system-out/>
  <testcase classname="MarketDataAPI.MarketData" name="NYSE_Halt_Symbols" time="1.100"/>
  <system-out/>
  <testcase classname="MarketDataAPI.MarketData" name="NYSE_Halt_Symbols" time="1.124"/>
  <system-out/>
  <testcase classname="MarketDataAPI.MarketData" name="NYSE_Halt_Symbols" time="1.482"/>
  <system-out/>
  <testcase classname="MarketDataAPI.MarketData" name="NYSE_Halt_Symbols" time="1.112"/>
  <system-out/>
  <testcase classname="MarketDataAPI.MarketData" name="NYSE_Halt_Symbols" time="1.079"/>
  <system-out/>
  <testcase classname="MarketDataAPI.MarketData" name="NYSE_Halt_Symbols" time="1.097"/>
  <system-out/>
  <testcase classname="MarketDataAPI.MarketData" name="NYSE_Halt_Symbols" time="1.081"/>
  <system-out/>
  <testcase classname="MarketDataAPI.MarketData" name="NYSE_Halt_Symbols" time="1.168"/>
  <system-out/>
  <testcase classname="MarketDataAPI.MarketData" name="NYSE_Halt_Symbols" time="1.234"/>
  <system-out/>
  <testcase classname="MarketDataAPI.MarketData" name="NYSE_Halt_Symbols" time="1.095"/>
  <system-out/>
  <testcase classname="MarketDataAPI.MarketData" name="NYSE_Halt_Symbols" time="1.102"/>
  <system-out/>
  <testcase classname="MarketDataAPI.MarketData" name="NYSE_Halt_Symbols" time="1.118"/>
  <system-out/>
  <testcase classname="MarketDataAPI.MarketData" name="NYSE_Halt_Symbols" time="1.092"/>
  <system-out/>
  <testcase classname="MarketDataAPI.MarketData" name="NYSE_Halt_Symbols" time="1.101"/>
  <system-out/>
  <testcase classname="MarketDataAPI.MarketData" name="NYSE_Halt_Symbols" time="1.084"/>
  <system-out/>
  <testcase classname="MarketDataAPI.MarketData" name="NYSE_Halt_Symbols" time="1.957"/>
  <system-out/>
  <testcase classname="MarketDataAPI.MarketData" name="NYSE_Halt_Symbols" time="1.168"/>
  <system-out/>
  <testcase classname="MarketDataAPI.MarketData" name="NYSE_Halt_Symbols" time="1.117"/>
  <system-out/>
  <testcase classname="MarketDataAPI.MarketData" name="NYSE_Halt_Symbols" time="1.089"/>
  <system-out/>
  <testcase classname="MarketDataAPI.MarketData" name="NYSE_Halt_Symbols" time="1.110"/>
  <system-out/>
  <testcase classname="MarketDataAPI.MarketData" name="NYSE_Halt_Symbols" time="1.103"/>
  <system-out/>
  <testcase classname="MarketDataAPI.MarketData" name="NYSE_Halt_Symbols" time="1.224"/>
  <system-out/>
  <testcase classname="MarketDataAPI.MarketData" name="NYSE_Halt_Symbols" time="1.224"/>
  <system-out/>
  <testcase classname="MarketDataAPI.MarketData" name="NYSE_Halt_Symbols" time="1.084"/>
  <system-out/>
  <testcase classname="MarketDataAPI.MarketData" name="NYSE_Halt_Symbols" time="1.109"/>
  <system-out/>
  <testcase classname="MarketDataAPI.MarketData" name="NYSE_Halt_Symbols" time="1.108"/>
  <system-out/>
  <testcase classname="MarketDataAPI.MarketData" name="NYSE_Halt_Symbols" time="1.110"/>
  <system-out/>
  <testcase classname="MarketDataAPI.MarketData" name="NYSE_Halt_Symbols" time="1.110"/>
  <system-out/>
  <testcase classname="MarketDataAPI.MarketData" name="NYSE_Halt_Symbols" time="1.104"/>
  <system-out/>
  <testcase classname="MarketDataAPI.MarketData" name="NYSE_Halt_Symbols" time="1.138"/>
  <system-out/>
  <testcase classname="MarketDataAPI.MarketData" name="NYSE_Halt_Symbols" time="1.103"/>
  <system-out/>
  <testcase classname="MarketDataAPI.MarketData" name="NYSE_Halt_Symbols" time="1.137"/>
  <system-out/>
  <testcase classname="MarketDataAPI.MarketData" name="NYSE_Halt_Symbols" time="1.103"/>
  <system-out/>
  <testcase classname="MarketDataAPI.MarketData" name="NYSE_Halt_Symbols" time="1.094"/>
  <system-out/>
  <testcase classname="MarketDataAPI.MarketData" name="NYSE_Halt_Symbols" time="1.187"/>
  <system-out/>
  <testcase classname="MarketDataAPI.MarketData" name="NYSE_Halt_Symbols" time="1.113"/>
  <system-out/>
  <testcase classname="MarketDataAPI.MarketData" name="NYSE_Halt_Symbols" time="1.107"/>
  <system-out/>
  <testcase classname="MarketDataAPI.MarketData" name="NYSE_Halt_Symbols" time="1.200"/>
  <system-out/>
  <testcase classname="MarketDataAPI.MarketData" name="NYSE_Halt_Symbols" time="1.101"/>
  <system-out/>
  <testcase classname="MarketDataAPI.MarketData" name="NYSE_Halt_Symbols" time="1.145"/>
  <system-out/>
  <testcase classname="MarketDataAPI.MarketData" name="NYSE_Halt_Symbols" time="1.157"/>
  <system-out/>
  <testcase classname="MarketDataAPI.MarketData" name="NYSE_Halt_Symbols" time="1.107"/>
  <system-out/>
  <testcase classname="MarketDataAPI.MarketData" name="NYSE_Halt_Symbols" time="1.106"/>
  <system-out/>
  <testcase classname="MarketDataAPI.MarketData" name="NYSE_Halt_Symbols" time="1.098"/>
  <system-out/>
  <testcase classname="MarketDataAPI.MarketData" name="NYSE_Halt_Symbols" time="1.085"/>
  <system-out/>
  <testcase classname="MarketDataAPI.MarketData" name="NYSE_Halt_Symbols" time="1.105"/>
  <system-out/>
  <testcase classname="MarketDataAPI.MarketData" name="NYSE_Halt_Symbols" time="1.145"/>
  <system-out/>
  <testcase classname="MarketDataAPI.MarketData" name="NYSE_Halt_Symbols" time="1.105"/>
  <system-out/>
  <testcase classname="MarketDataAPI.MarketData" name="NYSE_Halt_Symbols" time="1.091"/>
  <system-out/>
  <testcase classname="MarketDataAPI.MarketData" name="NYSE_Halt_Symbols" time="1.104"/>
  <system-out/>
  <testcase classname="MarketDataAPI.MarketData" name="NYSE_Halt_Symbols" time="1.129"/>
  <system-out/>
  <testcase classname="MarketDataAPI.MarketData" name="NYSE_Halt_Symbols" time="1.139"/>
  <system-out/>
  <testcase classname="MarketDataAPI.MarketData" name="NYSE_Halt_Symbols" time="1.092"/>
  <system-out/>
  <testcase classname="MarketDataAPI.MarketData" name="NYSE_Halt_Symbols" time="1.099"/>
  <system-out/>
  <testcase classname="MarketDataAPI.MarketData" name="NYSE_Halt_Symbols" time="1.106"/>
  <system-out/>
  <testcase classname="MarketDataAPI.MarketData" name="NYSE_Halt_Symbols" time="1.188"/>
  <system-out/>
  <testcase classname="MarketDataAPI.MarketData" name="NYSE_Halt_Symbols" time="1.206"/>
  <system-out/>
  <testcase classname="MarketDataAPI.MarketData" name="NYSE_Halt_Symbols" time="1.153"/>
  <system-out/>
  <testcase classname="MarketDataAPI.MarketData" name="NYSE_Halt_Symbols" time="1.707"/>
  <system-out/>
  <testcase classname="MarketDataAPI.MarketData" name="NYSE_Halt_Symbols" time="1.097"/>
  <system-out/>
  <testcase classname="MarketDataAPI.MarketData" name="NYSE_Halt_Symbols" time="1.257"/>
  <system-out/>
  <testcase classname="MarketDataAPI.MarketData" name="NYSE_Halt_Symbols" time="1.170"/>
  <system-out/>
  <testcase classname="MarketDataAPI.MarketData" name="NYSE_Halt_Symbols" time="1.106"/>
  <system-out/>
  <testcase classname="MarketDataAPI.MarketData" name="NYSE_Halt_Symbols" time="1.097"/>
  <system-out/>
  <testcase classname="MarketDataAPI.MarketData" name="NYSE_Halt_Symbols" time="1.192"/>
  <system-out/>
  <testcase classname="MarketDataAPI.MarketData" name="NYSE_Halt_Symbols" time="1.120"/>
  <system-out/>
  <testcase classname="MarketDataAPI.MarketData" name="NYSE_Halt_Symbols" time="1.095"/>
  <system-out/>
  <testcase classname="MarketDataAPI.MarketData" name="NYSE_Halt_Symbols" time="1.109"/>
  <system-out/>
  <testcase classname="MarketDataAPI.MarketData" name="NYSE_Halt_Symbols" time="1.107"/>
  <system-out/>
  <testcase classname="MarketDataAPI.MarketData" name="NYSE_Halt_Symbols" time="1.137"/>
  <system-out/>
  <testcase classname="MarketDataAPI.MarketData" name="NYSE_Halt_Symbols" time="1.099"/>
  <system-out/>
  <testcase classname="MarketDataAPI.MarketData" name="NYSE_Halt_Symbols" time="1.238"/>
  <system-out/>
  <testcase classname="MarketDataAPI.MarketData" name="NYSE_Halt_Symbols" time="1.238"/>
  <system-out/>
  <testcase classname="MarketDataAPI.MarketData" name="NYSE_Halt_Symbols" time="1.092"/>
  <system-out/>
  <testcase classname="MarketDataAPI.MarketData" name="NYSE_Halt_Symbols" time="1.097"/>
  <system-out/>
  <testcase classname="MarketDataAPI.MarketData" name="NYSE_Halt_Symbols" time="1.107"/>
  <system-out/>
  <testcase classname="MarketDataAPI.MarketData" name="NYSE_Halt_Symbols" time="1.094"/>
  <system-out/>
  <testcase classname="MarketDataAPI.MarketData" name="NYSE_Halt_Symbols" time="1.122"/>
  <system-out/>
  <testcase classname="MarketDataAPI.MarketData" name="NYSE_Halt_Symbols" time="1.123"/>
  <system-out/>
  <testcase classname="MarketDataAPI.MarketData" name="NYSE_Halt_Symbols" time="1.129"/>
  <system-out/>
  <testcase classname="MarketDataAPI.MarketData" name="NYSE_Halt_Symbols" time="1.116"/>
  <system-out/>
  <testcase classname="MarketDataAPI.MarketData" name="NYSE_Halt_Symbols" time="1.119"/>
  <system-out/>
  <testcase classname="MarketDataAPI.MarketData" name="NYSE_Halt_Symbols" time="1.125"/>
  <system-out/>
  <testcase classname="MarketDataAPI.MarketData" name="NYSE_Halt_Symbols" time="1.100"/>
  <system-out/>
  <testcase classname="MarketDataAPI.MarketData" name="NYSE_Halt_Symbols" time="1.125"/>
  <system-out/>
  <testcase classname="MarketDataAPI.MarketData" name="NYSE_Halt_Symbols" time="1.117"/>
  <system-out/>
  <testcase classname="MarketDataAPI.MarketData" name="NYSE_Halt_Symbols" time="1.092"/>
  <system-out/>
  <testcase classname="MarketDataAPI.MarketData" name="NYSE_Halt_Symbols" time="1.207"/>
  <system-out/>
  <testcase classname="MarketDataAPI.MarketData" name="NYSE_Halt_Symbols" time="1.106"/>
  <system-out/>
  <testcase classname="MarketDataAPI.MarketData" name="NYSE_Halt_Symbols" time="1.122"/>
  <system-out/>
  <testcase classname="MarketDataAPI.MarketData" name="NYSE_Halt_Symbols" time="1.129"/>
  <system-out/>
  <testcase classname="MarketDataAPI.MarketData" name="NYSE_Halt_Symbols" time="1.097"/>
  <system-out/>
  <testcase classname="MarketDataAPI.MarketData" name="NYSE_Halt_Symbols" time="1.103"/>
  <system-out/>
  <testcase classname="MarketDataAPI.MarketData" name="NYSE_Halt_Symbols" time="1.101"/>
  <system-out/>
  <testcase classname="MarketDataAPI.MarketData" name="NYSE_Halt_Symbols" time="1.097"/>
  <system-out/>
  <testcase classname="MarketDataAPI.MarketData" name="NYSE_Halt_Symbols" time="1.111"/>
  <system-out/>
  <testcase classname="MarketDataAPI.MarketData" name="NYSE_Halt_Symbols" time="1.105"/>
  <system-out/>
  <testcase classname="MarketDataAPI.MarketData" name="NYSE_Halt_Symbols" time="1.112"/>
  <system-out/>
  <testcase classname="MarketDataAPI.MarketData" name="NYSE_Halt_Symbols" time="1.120"/>
  <system-out/>
  <testcase classname="MarketDataAPI.MarketData" name="NYSE_Halt_Symbols" time="1.112"/>
  <system-out/>
  <testcase classname="MarketDataAPI.MarketData" name="NYSE_Halt_Symbols" time="1.094"/>
  <system-out/>
  <testcase classname="MarketDataAPI.MarketData" name="NYSE_Halt_Symbols" time="1.130"/>
  <system-out/>
  <testcase classname="MarketDataAPI.MarketData" name="NYSE_Halt_Symbols" time="1.111"/>
  <system-out/>
  <testcase classname="MarketDataAPI.MarketData" name="NYSE_Halt_Symbols" time="1.345"/>
  <system-out/>
  <testcase classname="MarketDataAPI.MarketData" name="NYSE_Halt_Symbols" time="1.111"/>
  <system-out/>
  <testcase classname="MarketDataAPI.MarketData" name="NYSE_Halt_Symbols" time="1.088"/>
  <system-out/>
  <testcase classname="MarketDataAPI.MarketData" name="NYSE_Halt_Symbols" time="1.094"/>
  <system-out/>
  <testcase classname="MarketDataAPI.MarketData" name="NYSE_Halt_Symbols" time="1.101"/>
  <system-out/>
  <testcase classname="MarketDataAPI.MarketData" name="NYSE_Halt_Symbols" time="1.107"/>
  <system-out/>
  <testcase classname="MarketDataAPI.MarketData" name="NYSE_Halt_Symbols" time="1.210"/>
  <system-out/>
  <testcase classname="MarketDataAPI.MarketData" name="NYSE_Halt_Symbols" time="1.117"/>
  <system-out/>
  <testcase classname="MarketDataAPI.MarketData" name="NYSE_Halt_Symbols" time="1.094"/>
  <system-out/>
  <testcase classname="MarketDataAPI.MarketData" name="NYSE_Halt_Symbols" time="1.307"/>
  <system-out/>
  <testcase classname="MarketDataAPI.MarketData" name="NYSE_Halt_Symbols" time="1.102"/>
  <system-out/>
  <testcase classname="MarketDataAPI.MarketData" name="NYSE_Halt_Symbols" time="1.109"/>
  <system-out/>
  <testcase classname="MarketDataAPI.MarketData" name="NYSE_Halt_Symbols" time="1.102"/>
  <system-out/>
  <testcase classname="MarketDataAPI.MarketData" name="NYSE_Halt_Symbols" time="1.101"/>
  <system-out/>
  <testcase classname="MarketDataAPI.MarketData" name="NYSE_Halt_Symbols" time="2.079"/>
  <system-out/>
  <testcase classname="MarketDataAPI.MarketData" name="NYSE_Halt_Symbols" time="1.121"/>
  <system-out/>
  <testcase classname="MarketDataAPI.MarketData" name="NYSE_Halt_Symbols" time="1.102"/>
  <system-out/>
  <testcase classname="MarketDataAPI.MarketData" name="NYSE_Halt_Symbols" time="1.094"/>
  <system-out/>
  <testcase classname="MarketDataAPI.MarketData" name="NYSE_Halt_Symbols" time="1.098"/>
  <system-out/>
  <testcase classname="MarketDataAPI.MarketData" name="NYSE_Halt_Symbols" time="1.097"/>
  <system-out/>
  <testcase classname="MarketDataAPI.MarketData" name="NYSE_Halt_Symbols" time="2.115"/>
  <system-out/>
  <testcase classname="MarketDataAPI.MarketData" name="NYSE_Halt_Symbols" time="1.109"/>
  <system-out/>
  <testcase classname="MarketDataAPI.MarketData" name="NYSE_Halt_Symbols" time="1.119"/>
  <system-out/>
  <testcase classname="MarketDataAPI.MarketData" name="NYSE_Halt_Symbols" time="1.113"/>
  <system-out/>
  <testcase classname="MarketDataAPI.MarketData" name="NYSE_Halt_Symbols" time="1.110"/>
  <system-out/>
  <testcase classname="MarketDataAPI.MarketData" name="NYSE_Halt_Symbols" time="1.198"/>
  <system-out/>
  <testcase classname="MarketDataAPI.MarketData" name="NYSE_Halt_Symbols" time="1.136"/>
  <system-out/>
  <testcase classname="MarketDataAPI.MarketData" name="NYSE_Halt_Symbols" time="1.097"/>
  <system-out/>
  <testcase classname="MarketDataAPI.MarketData" name="NYSE_Halt_Symbols" time="1.136"/>
  <system-out/>
  <testcase classname="MarketDataAPI.MarketData" name="NYSE_Halt_Symbols" time="1.090"/>
  <system-out/>
  <testcase classname="MarketDataAPI.MarketData" name="NYSE_Halt_Symbols" time="1.140"/>
  <system-out/>
  <testcase classname="MarketDataAPI.MarketData" name="NYSE_Halt_Symbols" time="1.088"/>
  <system-out/>
  <testcase classname="MarketDataAPI.MarketData" name="NYSE_Halt_Symbols" time="1.098"/>
  <system-out/>
  <testcase classname="MarketDataAPI.MarketData" name="NYSE_Halt_Symbols" time="1.119"/>
  <system-out/>
  <testcase classname="MarketDataAPI.MarketData" name="NYSE_Halt_Symbols" time="1.135"/>
  <system-out/>
  <testcase classname="MarketDataAPI.MarketData" name="NYSE_Halt_Symbols" time="1.108"/>
  <system-out/>
  <testcase classname="MarketDataAPI.MarketData" name="NYSE_Halt_Symbols" time="1.097"/>
  <system-out/>
  <testcase classname="MarketDataAPI.MarketData" name="NYSE_Halt_Symbols" time="1.153"/>
  <system-out/>
  <testcase classname="MarketDataAPI.MarketData" name="NYSE_Halt_Symbols" time="1.107"/>
  <system-out/>
  <testcase classname="MarketDataAPI.MarketData" name="NYSE_Halt_Symbols" time="1.094"/>
  <system-out/>
  <testcase classname="MarketDataAPI.MarketData" name="NYSE_Halt_Symbols" time="1.140"/>
  <system-out/>
  <testcase classname="MarketDataAPI.MarketData" name="NYSE_Halt_Symbols" time="1.102"/>
  <system-out/>
  <testcase classname="MarketDataAPI.MarketData" name="NYSE_Halt_Symbols" time="1.141"/>
  <system-out/>
  <testcase classname="MarketDataAPI.MarketData" name="NYSE_Halt_Symbols" time="1.102"/>
  <system-out/>
  <testcase classname="MarketDataAPI.MarketData" name="NYSE_Halt_Symbols" time="1.104"/>
  <system-out/>
  <testcase classname="MarketDataAPI.MarketData" name="NYSE_Halt_Symbols" time="1.111"/>
  <system-out/>
  <testcase classname="MarketDataAPI.MarketData" name="NYSE_Halt_Symbols" time="1.095"/>
  <system-out/>
  <testcase classname="MarketDataAPI.MarketData" name="NYSE_Halt_Symbols" time="1.089"/>
  <system-out/>
  <testcase classname="MarketDataAPI.MarketData" name="NYSE_Halt_Symbols" time="1.101"/>
  <system-out/>
  <testcase classname="MarketDataAPI.MarketData" name="NYSE_Halt_Symbols" time="1.092"/>
  <system-out/>
  <testcase classname="MarketDataAPI.MarketData" name="NYSE_Halt_Symbols" time="1.121"/>
  <system-out/>
  <testcase classname="MarketDataAPI.MarketData" name="NYSE_Halt_Symbols" time="1.110"/>
  <system-out/>
  <testcase classname="MarketDataAPI.MarketData" name="NYSE_Halt_Symbols" time="1.082"/>
  <system-out/>
  <testcase classname="MarketDataAPI.MarketData" name="NYSE_Halt_Symbols" time="1.100"/>
  <system-out/>
  <testcase classname="MarketDataAPI.MarketData" name="NYSE_Halt_Symbols" time="1.123"/>
  <system-out/>
  <testcase classname="MarketDataAPI.MarketData" name="NYSE_Halt_Symbols" time="1.347"/>
  <system-out/>
  <testcase classname="MarketDataAPI.MarketData" name="NYSE_Halt_Symbols" time="1.098"/>
  <system-out/>
  <testcase classname="MarketDataAPI.MarketData" name="NYSE_Halt_Symbols" time="1.124"/>
  <system-out/>
  <testcase classname="MarketDataAPI.MarketData" name="NYSE_Halt_Symbols" time="1.135"/>
  <system-out/>
  <testcase classname="MarketDataAPI.MarketData" name="NYSE_Halt_Symbols" time="1.092"/>
  <system-out/>
  <testcase classname="MarketDataAPI.MarketData" name="NYSE_Halt_Symbols" time="1.103"/>
  <system-out/>
  <testcase classname="MarketDataAPI.MarketData" name="NYSE_Halt_Symbols" time="1.082"/>
  <system-out/>
  <testcase classname="MarketDataAPI.MarketData" name="NYSE_Halt_Symbols" time="1.080"/>
  <system-out/>
  <testcase classname="MarketDataAPI.MarketData" name="NYSE_Halt_Symbols" time="1.092"/>
  <system-out/>
  <testcase classname="MarketDataAPI.MarketData" name="NYSE_Halt_Symbols" time="1.131"/>
  <system-out/>
  <testcase classname="MarketDataAPI.MarketData" name="NYSE_Halt_Symbols" time="1.117"/>
  <system-out/>
  <testcase classname="MarketDataAPI.MarketData" name="NYSE_Halt_Symbols" time="1.097"/>
  <system-out/>
  <testcase classname="MarketDataAPI.MarketData" name="NYSE_Halt_Symbols" time="1.105"/>
  <system-out/>
  <testcase classname="MarketDataAPI.MarketData" name="NYSE_Halt_Symbols" time="1.432"/>
  <system-out/>
  <testcase classname="MarketDataAPI.MarketData" name="NYSE_Halt_Symbols" time="1.850"/>
  <system-out/>
  <testcase classname="MarketDataAPI.MarketData" name="NYSE_Halt_Symbols" time="1.158"/>
  <system-out/>
  <testcase classname="MarketDataAPI.MarketData" name="NYSE_Halt_Symbols" time="1.135"/>
  <system-out/>
  <testcase classname="MarketDataAPI.MarketData" name="NYSE_Halt_Symbols" time="1.101"/>
  <system-out/>
  <testcase classname="MarketDataAPI.MarketData" name="NYSE_Halt_Symbols" time="1.087"/>
  <system-out/>
  <testcase classname="MarketDataAPI.MarketData" name="NYSE_Halt_Symbols" time="1.094"/>
  <system-out/>
  <testcase classname="MarketDataAPI.MarketData" name="NYSE_Halt_Symbols" time="1.100"/>
  <system-out/>
  <testcase classname="MarketDataAPI.MarketData" name="NYSE_Halt_Symbols" time="1.115"/>
  <system-out/>
  <testcase classname="MarketDataAPI.MarketData" name="NYSE_Halt_Symbols" time="2.097"/>
  <system-out/>
  <testcase classname="MarketDataAPI.MarketData" name="NYSE_Halt_Symbols" time="1.102"/>
  <system-out/>
  <testcase classname="MarketDataAPI.MarketData" name="NYSE_Halt_Symbols" time="1.098"/>
  <system-out/>
  <testcase classname="MarketDataAPI.MarketData" name="NYSE_Halt_Symbols" time="1.107"/>
  <system-out/>
  <testcase classname="MarketDataAPI.MarketData" name="NYSE_Halt_Symbols" time="1.089"/>
  <system-out/>
  <testcase classname="MarketDataAPI.MarketData" name="NYSE_Halt_Symbols" time="1.104"/>
  <system-out/>
  <testcase classname="MarketDataAPI.MarketData" name="NYSE_Halt_Symbols" time="1.085"/>
  <system-out/>
  <testcase classname="MarketDataAPI.MarketData" name="NYSE_Halt_Symbols" time="1.098"/>
  <system-out/>
  <testcase classname="MarketDataAPI.MarketData" name="NYSE_Halt_Symbols" time="1.143"/>
  <system-out/>
  <testcase classname="MarketDataAPI.MarketData" name="NYSE_Halt_Symbols" time="1.139"/>
  <system-out/>
  <testcase classname="MarketDataAPI.MarketData" name="NYSE_Halt_Symbols" time="1.110"/>
  <system-out/>
  <testcase classname="MarketDataAPI.MarketData" name="NYSE_Halt_Symbols" time="1.433"/>
  <system-out/>
  <testcase classname="MarketDataAPI.MarketData" name="NYSE_Halt_Symbols" time="1.143"/>
  <system-out/>
  <testcase classname="MarketDataAPI.MarketData" name="NYSE_Halt_Symbols" time="1.294"/>
  <system-out/>
  <testcase classname="MarketDataAPI.MarketData" name="NYSE_Halt_Symbols" time="1.145"/>
  <system-out/>
  <testcase classname="MarketDataAPI.MarketData" name="NYSE_Halt_Symbols" time="1.097"/>
  <system-out/>
  <testcase classname="MarketDataAPI.MarketData" name="NYSE_Halt_Symbols" time="1.184"/>
  <system-out/>
  <testcase classname="MarketDataAPI.MarketData" name="NYSE_Halt_Symbols" time="1.176"/>
  <system-out/>
  <testcase classname="MarketDataAPI.MarketData" name="NYSE_Halt_Symbols" time="1.105"/>
  <system-out/>
  <testcase classname="MarketDataAPI.MarketData" name="NYSE_Halt_Symbols" time="1.103"/>
  <system-out/>
  <testcase classname="MarketDataAPI.MarketData" name="NYSE_Halt_Symbols" time="1.113"/>
  <system-out/>
  <testcase classname="MarketDataAPI.MarketData" name="NYSE_Halt_Symbols" time="1.115"/>
  <system-out/>
  <testcase classname="MarketDataAPI.MarketData" name="NYSE_Halt_Symbols" time="1.099"/>
  <system-out/>
  <testcase classname="MarketDataAPI.MarketData" name="NYSE_Halt_Symbols" time="1.260"/>
  <system-out/>
  <testcase classname="MarketDataAPI.MarketData" name="NYSE_Halt_Symbols" time="1.124"/>
  <system-out/>
  <testcase classname="MarketDataAPI.MarketData" name="NYSE_Halt_Symbols" time="1.096"/>
  <system-out/>
  <testcase classname="MarketDataAPI.MarketData" name="NYSE_Halt_Symbols" time="1.102"/>
  <system-out/>
  <testcase classname="MarketDataAPI.MarketData" name="NYSE_Halt_Symbols" time="1.083"/>
  <system-out/>
  <testcase classname="MarketDataAPI.MarketData" name="NYSE_Halt_Symbols" time="1.093"/>
  <system-out/>
  <testcase classname="MarketDataAPI.MarketData" name="NYSE_Halt_Symbols" time="1.089"/>
  <system-out/>
  <testcase classname="MarketDataAPI.MarketData" name="NYSE_Halt_Symbols" time="1.113"/>
  <system-out/>
  <testcase classname="MarketDataAPI.MarketData" name="NYSE_Halt_Symbols" time="1.093"/>
  <system-out/>
  <testcase classname="MarketDataAPI.MarketData" name="NYSE_Halt_Symbols" time="1.097"/>
  <system-out/>
  <testcase classname="MarketDataAPI.MarketData" name="NYSE_Halt_Symbols" time="1.101"/>
  <system-out/>
  <testcase classname="MarketDataAPI.MarketData" name="NYSE_Halt_Symbols" time="1.144"/>
  <system-out/>
  <testcase classname="MarketDataAPI.MarketData" name="NYSE_Halt_Symbols" time="1.102"/>
  <system-out/>
  <testcase classname="MarketDataAPI.MarketData" name="NYSE_Halt_Symbols" time="1.169"/>
  <system-out/>
  <testcase classname="MarketDataAPI.MarketData" name="NYSE_Halt_Symbols" time="1.222"/>
  <system-out/>
  <testcase classname="MarketDataAPI.MarketData" name="NYSE_Halt_Symbols" time="1.363"/>
  <system-out/>
  <testcase classname="MarketDataAPI.MarketData" name="NYSE_Halt_Symbols" time="1.094"/>
  <system-out/>
  <testcase classname="MarketDataAPI.MarketData" name="NYSE_Halt_Symbols" time="1.129"/>
  <system-out/>
  <testcase classname="MarketDataAPI.MarketData" name="NYSE_Halt_Symbols" time="1.116"/>
  <system-out/>
  <testcase classname="MarketDataAPI.MarketData" name="NYSE_Halt_Symbols" time="1.136"/>
  <system-out/>
  <testcase classname="MarketDataAPI.MarketData" name="NYSE_Halt_Symbols" time="1.104"/>
  <system-out/>
  <testcase classname="MarketDataAPI.MarketData" name="NYSE_Halt_Symbols" time="1.105"/>
  <system-out/>
  <testcase classname="MarketDataAPI.MarketData" name="NYSE_Halt_Symbols" time="1.099"/>
  <system-out/>
  <testcase classname="MarketDataAPI.MarketData" name="NYSE_Halt_Symbols" time="1.110"/>
  <system-out/>
  <testcase classname="MarketDataAPI.MarketData" name="NYSE_Halt_Symbols" time="1.142"/>
  <system-out/>
  <testcase classname="MarketDataAPI.MarketData" name="NYSE_Halt_Symbols" time="1.097"/>
  <system-out/>
  <testcase classname="MarketDataAPI.MarketData" name="NYSE_Halt_Symbols" time="1.091"/>
  <system-out/>
  <testcase classname="MarketDataAPI.MarketData" name="NYSE_Halt_Symbols" time="1.185"/>
  <system-out/>
  <testcase classname="MarketDataAPI.MarketData" name="NYSE_Halt_Symbols" time="1.371"/>
  <system-out/>
  <testcase classname="MarketDataAPI.MarketData" name="NYSE_Halt_Symbols" time="1.088"/>
  <system-out/>
  <testcase classname="MarketDataAPI.MarketData" name="NYSE_Halt_Symbols" time="1.096"/>
  <system-out/>
  <testcase classname="MarketDataAPI.MarketData" name="NYSE_Halt_Symbols" time="1.154"/>
  <system-out/>
  <testcase classname="MarketDataAPI.MarketData" name="NYSE_Halt_Symbols" time="1.102"/>
  <system-out/>
  <testcase classname="MarketDataAPI.MarketData" name="NYSE_Halt_Symbols" time="1.102"/>
  <system-out/>
  <testcase classname="MarketDataAPI.MarketData" name="NYSE_Halt_Symbols" time="1.092"/>
  <system-out/>
  <testcase classname="MarketDataAPI.MarketData" name="NYSE_Halt_Symbols" time="1.104"/>
  <system-out/>
  <testcase classname="MarketDataAPI.MarketData" name="NYSE_Halt_Symbols" time="1.123"/>
  <system-out/>
  <testcase classname="MarketDataAPI.MarketData" name="NYSE_Halt_Symbols" time="1.115"/>
  <system-out/>
  <testcase classname="MarketDataAPI.MarketData" name="NYSE_Halt_Symbols" time="1.089"/>
  <system-out/>
  <testcase classname="MarketDataAPI.MarketData" name="NYSE_Halt_Symbols" time="1.125"/>
  <system-out/>
  <testcase classname="MarketDataAPI.MarketData" name="NYSE_Halt_Symbols" time="1.106"/>
  <system-out/>
  <testcase classname="MarketDataAPI.MarketData" name="NYSE_Halt_Symbols" time="1.096"/>
  <system-out/>
  <testcase classname="MarketDataAPI.MarketData" name="NYSE_Halt_Symbols" time="1.130"/>
  <system-out/>
  <testcase classname="MarketDataAPI.MarketData" name="NYSE_Halt_Symbols" time="1.211"/>
  <system-out/>
  <testcase classname="MarketDataAPI.MarketData" name="NYSE_Halt_Symbols" time="1.095"/>
  <system-out/>
  <testcase classname="MarketDataAPI.MarketData" name="NYSE_Halt_Symbols" time="1.166"/>
  <system-out/>
  <testcase classname="MarketDataAPI.MarketData" name="NYSE_Halt_Symbols" time="1.088"/>
  <system-out/>
  <testcase classname="MarketDataAPI.MarketData" name="NYSE_Halt_Symbols" time="1.103"/>
  <system-out/>
  <testcase classname="MarketDataAPI.MarketData" name="NYSE_Halt_Symbols" time="1.133"/>
  <system-out/>
  <testcase classname="MarketDataAPI.MarketData" name="NYSE_Halt_Symbols" time="1.106"/>
  <system-out/>
  <testcase classname="MarketDataAPI.MarketData" name="NYSE_Halt_Symbols" time="1.137"/>
  <system-out/>
  <testcase classname="MarketDataAPI.MarketData" name="NYSE_Halt_Symbols" time="1.102"/>
  <system-out/>
  <testcase classname="MarketDataAPI.MarketData" name="NYSE_Halt_Symbols" time="1.120"/>
  <system-out/>
  <testcase classname="MarketDataAPI.MarketData" name="NYSE_Halt_Symbols" time="1.109"/>
  <system-out/>
  <testcase classname="MarketDataAPI.MarketData" name="NYSE_Halt_Symbols" time="1.104"/>
  <system-out/>
  <testcase classname="MarketDataAPI.MarketData" name="NYSE_Halt_Symbols" time="1.098"/>
  <system-out/>
  <testcase classname="MarketDataAPI.MarketData" name="NYSE_Halt_Symbols" time="1.862"/>
  <system-out/>
  <testcase classname="MarketDataAPI.MarketData" name="NYSE_Halt_Symbols" time="1.107"/>
  <system-out/>
  <testcase classname="MarketDataAPI.MarketData" name="NYSE_Halt_Symbols" time="1.152"/>
  <system-out/>
  <testcase classname="MarketDataAPI.MarketData" name="NYSE_Halt_Symbols" time="1.114"/>
  <system-out/>
  <testcase classname="MarketDataAPI.MarketData" name="NYSE_Halt_Symbols" time="1.109"/>
  <system-out/>
  <testcase classname="MarketDataAPI.MarketData" name="NYSE_Halt_Symbols" time="1.151"/>
  <system-out/>
  <testcase classname="MarketDataAPI.MarketData" name="NYSE_Halt_Symbols" time="1.116"/>
  <system-out/>
  <testcase classname="MarketDataAPI.MarketData" name="NYSE_Halt_Symbols" time="1.103"/>
  <system-out/>
  <testcase classname="MarketDataAPI.MarketData" name="NYSE_Halt_Symbols" time="1.092"/>
  <system-out/>
  <testcase classname="MarketDataAPI.MarketData" name="NYSE_Halt_Symbols" time="1.181"/>
  <system-out/>
  <testcase classname="MarketDataAPI.MarketData" name="NYSE_Halt_Symbols" time="1.098"/>
  <system-out/>
  <testcase classname="MarketDataAPI.MarketData" name="NYSE_Halt_Symbols" time="1.092"/>
  <system-out/>
  <testcase classname="MarketDataAPI.MarketData" name="NYSE_Halt_Symbols" time="1.087"/>
  <system-out/>
  <testcase classname="MarketDataAPI.MarketData" name="NYSE_Halt_Symbols" time="1.092"/>
  <system-out/>
  <testcase classname="MarketDataAPI.MarketData" name="NYSE_Halt_Symbols" time="1.113"/>
  <system-out/>
  <testcase classname="MarketDataAPI.MarketData" name="NYSE_Halt_Symbols" time="1.094"/>
  <system-out/>
  <testcase classname="MarketDataAPI.MarketData" name="NYSE_Halt_Symbols" time="1.101"/>
  <system-out/>
  <testcase classname="MarketDataAPI.MarketData" name="NYSE_Halt_Symbols" time="1.092"/>
  <system-out/>
  <testcase classname="MarketDataAPI.MarketData" name="NYSE_Halt_Symbols" time="1.106"/>
  <system-out/>
  <testcase classname="MarketDataAPI.MarketData" name="NYSE_Halt_Symbols" time="1.130"/>
  <system-out/>
  <testcase classname="MarketDataAPI.MarketData" name="NYSE_Halt_Symbols" time="1.114"/>
  <system-out/>
  <testcase classname="MarketDataAPI.MarketData" name="NYSE_Halt_Symbols" time="1.088"/>
  <system-out/>
  <testcase classname="MarketDataAPI.MarketData" name="NYSE_Halt_Symbols" time="1.115"/>
  <system-out/>
  <testcase classname="MarketDataAPI.MarketData" name="NYSE_Halt_Symbols" time="1.245"/>
  <system-out/>
  <testcase classname="MarketDataAPI.MarketData" name="NYSE_Halt_Symbols" time="1.115"/>
  <system-out/>
  <testcase classname="MarketDataAPI.MarketData" name="NYSE_Halt_Symbols" time="1.106"/>
  <system-out/>
  <testcase classname="MarketDataAPI.MarketData" name="NYSE_Halt_Symbols" time="1.091"/>
  <system-out/>
  <testcase classname="MarketDataAPI.MarketData" name="NYSE_Halt_Symbols" time="1.093"/>
  <system-out/>
  <testcase classname="MarketDataAPI.MarketData" name="NYSE_Halt_Symbols" time="1.092"/>
  <system-out/>
  <testcase classname="MarketDataAPI.MarketData" name="NYSE_Halt_Symbols" time="1.432"/>
  <system-out/>
  <testcase classname="MarketDataAPI.MarketData" name="NYSE_Halt_Symbols" time="1.248"/>
  <system-out/>
  <testcase classname="MarketDataAPI.MarketData" name="NYSE_Halt_Symbols" time="1.221"/>
  <system-out/>
  <testcase classname="MarketDataAPI.MarketData" name="NYSE_Halt_Symbols" time="1.102"/>
  <system-out/>
  <testcase classname="MarketDataAPI.MarketData" name="NYSE_Halt_Symbols" time="1.192"/>
  <system-out/>
  <testcase classname="MarketDataAPI.MarketData" name="NYSE_Halt_Symbols" time="1.124"/>
  <system-out/>
  <testcase classname="MarketDataAPI.MarketData" name="NYSE_Halt_Symbols" time="1.109"/>
  <system-out/>
  <testcase classname="MarketDataAPI.MarketData" name="NYSE_Halt_Symbols" time="1.096"/>
  <system-out/>
  <testcase classname="MarketDataAPI.MarketData" name="NYSE_Halt_Symbols" time="1.100"/>
  <system-out/>
  <testcase classname="MarketDataAPI.MarketData" name="NYSE_Halt_Symbols" time="1.099"/>
  <system-out/>
  <testcase classname="MarketDataAPI.MarketData" name="NYSE_Halt_Symbols" time="1.097"/>
  <system-out/>
  <testcase classname="MarketDataAPI.MarketData" name="NYSE_Halt_Symbols" time="1.100"/>
  <system-out/>
  <testcase classname="MarketDataAPI.MarketData" name="NYSE_Halt_Symbols" time="1.138"/>
  <system-out/>
  <testcase classname="MarketDataAPI.MarketData" name="NYSE_Halt_Symbols" time="1.075"/>
  <system-out/>
  <testcase classname="MarketDataAPI.MarketData" name="NYSE_Halt_Symbols" time="1.103"/>
  <system-out/>
  <testcase classname="MarketDataAPI.MarketData" name="NYSE_Halt_Symbols" time="1.100"/>
  <system-out/>
  <testcase classname="MarketDataAPI.MarketData" name="NYSE_Halt_Symbols" time="1.121"/>
  <system-out/>
  <testcase classname="MarketDataAPI.MarketData" name="NYSE_Halt_Symbols" time="1.107"/>
  <system-out/>
  <testcase classname="MarketDataAPI.MarketData" name="NYSE_Halt_Symbols" time="1.120"/>
  <system-out/>
  <testcase classname="MarketDataAPI.MarketData" name="NYSE_Halt_Symbols" time="1.152"/>
  <system-out/>
  <testcase classname="MarketDataAPI.MarketData" name="NYSE_Halt_Symbols" time="1.107"/>
  <system-out/>
  <testcase classname="MarketDataAPI.MarketData" name="NYSE_Halt_Symbols" time="1.141"/>
  <system-out/>
  <testcase classname="MarketDataAPI.MarketData" name="NYSE_Halt_Symbols" time="1.107"/>
  <system-out/>
  <testcase classname="MarketDataAPI.MarketData" name="NYSE_Halt_Symbols" time="1.093"/>
  <system-out/>
  <testcase classname="MarketDataAPI.MarketData" name="NYSE_Halt_Symbols" time="1.090"/>
  <system-out/>
  <testcase classname="MarketDataAPI.MarketData" name="NYSE_Halt_Symbols" time="1.094"/>
  <system-out/>
  <testcase classname="MarketDataAPI.MarketData" name="NYSE_Halt_Symbols" time="1.117"/>
  <system-out/>
  <testcase classname="MarketDataAPI.MarketData" name="NYSE_Halt_Symbols" time="1.085"/>
  <system-out/>
  <testcase classname="MarketDataAPI.MarketData" name="NYSE_Halt_Symbols" time="1.092"/>
  <system-out/>
  <testcase classname="MarketDataAPI.MarketData" name="NYSE_Halt_Symbols" time="1.102"/>
  <system-out/>
  <testcase classname="MarketDataAPI.MarketData" name="NYSE_Halt_Symbols" time="1.653"/>
  <system-out/>
  <testcase classname="MarketDataAPI.MarketData" name="NYSE_Halt_Symbols" time="1.079"/>
  <system-out/>
  <testcase classname="MarketDataAPI.MarketData" name="NYSE_Halt_Symbols" time="1.092"/>
  <system-out/>
  <testcase classname="MarketDataAPI.MarketData" name="NYSE_Halt_Symbols" time="1.096"/>
  <system-out/>
  <testcase classname="MarketDataAPI.MarketData" name="NYSE_Halt_Symbols" time="1.127"/>
  <system-out/>
  <testcase classname="MarketDataAPI.MarketData" name="NYSE_Halt_Symbols" time="1.147"/>
  <system-out/>
  <testcase classname="MarketDataAPI.MarketData" name="NYSE_Halt_Symbols" time="1.101"/>
  <system-out/>
  <testcase classname="MarketDataAPI.MarketData" name="NYSE_Halt_Symbols" time="1.095"/>
  <system-out/>
  <testcase classname="MarketDataAPI.MarketData" name="NYSE_Halt_Symbols" time="1.083"/>
  <system-out/>
  <testcase classname="MarketDataAPI.MarketData" name="NYSE_Halt_Symbols" time="1.086"/>
  <system-out/>
  <testcase classname="MarketDataAPI.MarketData" name="NYSE_Halt_Symbols" time="1.132"/>
  <system-out/>
  <testcase classname="MarketDataAPI.MarketData" name="NYSE_Halt_Symbols" time="1.113"/>
  <system-out/>
  <testcase classname="MarketDataAPI.MarketData" name="NYSE_Halt_Symbols" time="1.104"/>
  <system-out/>
  <testcase classname="MarketDataAPI.MarketData" name="NYSE_Halt_Symbols" time="1.117"/>
  <system-out/>
  <testcase classname="MarketDataAPI.MarketData" name="NYSE_Halt_Symbols" time="1.100"/>
  <system-out/>
  <testcase classname="MarketDataAPI.MarketData" name="NYSE_Halt_Symbols" time="1.111"/>
  <system-out/>
  <testcase classname="MarketDataAPI.MarketData" name="NYSE_Halt_Symbols" time="1.243"/>
  <system-out/>
  <testcase classname="MarketDataAPI.MarketData" name="NYSE_Halt_Symbols" time="1.108"/>
  <system-out/>
  <testcase classname="MarketDataAPI.MarketData" name="NYSE_Halt_Symbols" time="1.095"/>
  <system-out/>
  <testcase classname="MarketDataAPI.MarketData" name="NYSE_Halt_Symbols" time="1.109"/>
  <system-out/>
  <testcase classname="MarketDataAPI.MarketData" name="NYSE_Halt_Symbols" time="1.086"/>
  <system-out/>
  <testcase classname="MarketDataAPI.MarketData" name="NYSE_Halt_Symbols" time="1.093"/>
  <system-out/>
  <testcase classname="MarketDataAPI.MarketData" name="NYSE_Halt_Symbols" time="1.084"/>
  <system-out/>
  <testcase classname="MarketDataAPI.MarketData" name="NYSE_Halt_Symbols" time="1.117"/>
  <system-out/>
  <testcase classname="MarketDataAPI.MarketData" name="NYSE_Halt_Symbols" time="1.089"/>
  <system-out/>
  <testcase classname="MarketDataAPI.MarketData" name="NYSE_Halt_Symbols" time="1.091"/>
  <system-out/>
  <testcase classname="MarketDataAPI.MarketData" name="NYSE_Halt_Symbols" time="1.092"/>
  <system-out/>
  <testcase classname="MarketDataAPI.MarketData" name="NYSE_Halt_Symbols" time="1.155"/>
  <system-out/>
  <testcase classname="MarketDataAPI.MarketData" name="NYSE_Halt_Symbols" time="1.098"/>
  <system-out/>
  <testcase classname="MarketDataAPI.MarketData" name="NYSE_Halt_Symbols" time="1.165"/>
  <system-out/>
  <testcase classname="MarketDataAPI.MarketData" name="NYSE_Halt_Symbols" time="1.157"/>
  <system-out/>
  <testcase classname="MarketDataAPI.MarketData" name="NYSE_Halt_Symbols" time="1.117"/>
  <system-out/>
  <testcase classname="MarketDataAPI.MarketData" name="NYSE_Halt_Symbols" time="1.550"/>
  <system-out/>
  <testcase classname="MarketDataAPI.MarketData" name="NYSE_Halt_Symbols" time="1.087"/>
  <system-out/>
  <testcase classname="MarketDataAPI.MarketData" name="NYSE_Halt_Symbols" time="1.096"/>
  <system-out/>
  <testcase classname="MarketDataAPI.MarketData" name="NYSE_Halt_Symbols" time="1.961"/>
  <system-out/>
  <testcase classname="MarketDataAPI.MarketData" name="NYSE_Halt_Symbols" time="1.087"/>
  <system-out/>
  <testcase classname="MarketDataAPI.MarketData" name="NYSE_Halt_Symbols" time="1.097"/>
  <system-out/>
  <testcase classname="MarketDataAPI.MarketData" name="NYSE_Halt_Symbols" time="1.108"/>
  <system-out/>
  <testcase classname="MarketDataAPI.MarketData" name="NYSE_Halt_Symbols" time="1.112"/>
  <system-out/>
  <testcase classname="MarketDataAPI.MarketData" name="NYSE_Halt_Symbols" time="1.123"/>
  <system-out/>
  <testcase classname="MarketDataAPI.MarketData" name="NYSE_Halt_Symbols" time="1.119"/>
  <system-out/>
</testsuite> <!-- MarketDataAPI.MarketData -->
