<?xml version="1.0" encoding="UTF-8"?>
<!-- Generated by org.testng.reporters.JUnitReportReporter -->
<testsuite hostname="Dev-AjmalSyed" failures="0" tests="3" name="Static_Data_V3.StaticData_CommType" time="1.719" errors="0" timestamp="2023-12-21T21:12:16 PKT" skipped="0">
  <testcase classname="Static_Data_V3.StaticData_CommType" name="Verify_StaticData_CommType" time="0.565"/>
  <system-out/>
  <testcase classname="Static_Data_V3.StaticData_CommType" name="Verify_StaticData_CommType" time="0.569"/>
  <system-out/>
  <testcase classname="Static_Data_V3.StaticData_CommType" name="Verify_StaticData_CommType" time="0.585"/>
  <system-out/>
</testsuite> <!-- Static_Data_V3.StaticData_CommType -->
