<?xml version="1.0" encoding="UTF-8"?>
<!-- Generated by org.testng.reporters.JUnitReportReporter -->
<testsuite hostname="Dev-AjmalSyed" failures="0" tests="1" name="OptionOrdersV1.Update_OptionOrder" time="2.993" errors="0" timestamp="2023-12-21T21:05:25 PKT" skipped="0">
  <testcase classname="OptionOrdersV1.Update_OptionOrder" name="Verify_Update_Option_Order" time="2.993"/>
  <system-out/>
</testsuite> <!-- OptionOrdersV1.Update_OptionOrder -->
