<?xml version="1.0" encoding="UTF-8"?>
<!-- Generated by org.testng.reporters.JUnitReportReporter -->
<testsuite hostname="Dev-AjmalSyed" failures="0" tests="4" name="MarketData_L1.UnSubscribe" time="2.431" errors="0" timestamp="2024-01-04T19:34:06 PKT" skipped="0">
  <testcase classname="MarketData_L1.UnSubscribe" name="Verify_UnSubscribe_Equity_MarketData" time="0.611"/>
  <system-out/>
  <testcase classname="MarketData_L1.UnSubscribe" name="Verify_UnSubscribe_Equity_MarketData" time="0.603"/>
  <system-out/>
  <testcase classname="MarketData_L1.UnSubscribe" name="Verify_UnSubscribe_Equity_MarketData" time="0.608"/>
  <system-out/>
  <testcase classname="MarketData_L1.UnSubscribe" name="Verify_UnSubscribe_Equity_MarketData" time="0.609"/>
  <system-out/>
</testsuite> <!-- MarketData_L1.UnSubscribe -->
