<?xml version="1.0" encoding="UTF-8"?>
<!-- Generated by org.testng.reporters.JUnitReportReporter -->
<testsuite hostname="Dev-AjmalSyed" failures="0" tests="5" name="MarketData_OPT_L1.Opt_Topic" time="6.732" errors="0" timestamp="2024-01-03T20:48:52 PKT" skipped="0">
  <testcase classname="MarketData_OPT_L1.Opt_Topic" name="Verify_Get_Topic" time="0.780"/>
  <system-out/>
  <testcase classname="MarketData_OPT_L1.Opt_Topic" name="Verify_Get_Topic" time="0.880"/>
  <system-out/>
  <testcase classname="MarketData_OPT_L1.Opt_Topic" name="Verify_Get_Topic" time="1.766"/>
  <system-out/>
  <testcase classname="MarketData_OPT_L1.Opt_Topic" name="Verify_Get_Topic" time="2.087"/>
  <system-out/>
  <testcase classname="MarketData_OPT_L1.Opt_Topic" name="Verify_Get_Topic" time="1.219"/>
  <system-out/>
</testsuite> <!-- MarketData_OPT_L1.Opt_Topic -->
