<?xml version="1.0" encoding="UTF-8"?>
<!-- Generated by org.testng.reporters.JUnitReportReporter -->
<testsuite hostname="Dev-AjmalSyed" failures="0" tests="1" name="Static_Data.StaticData_ETBHTB" time="0.791" errors="0" timestamp="2023-12-26T17:09:54 PKT" skipped="0">
  <testcase classname="Static_Data.StaticData_ETBHTB" name="Verify_StaticData_ETBHTB" time="0.791"/>
  <system-out/>
</testsuite> <!-- Static_Data.StaticData_ETBHTB -->
