<?xml version="1.0" encoding="UTF-8"?>
<!-- Generated by org.testng.reporters.JUnitReportReporter -->
<testsuite hostname="Dev-AjmalSyed" failures="0" tests="1" name="MarketData_L1_V3.Subscribe_Bulk" time="1.715" errors="0" timestamp="2023-09-26T19:32:14 PKT" skipped="0">
  <testcase classname="MarketData_L1_V3.Subscribe_Bulk" name="Verify_Subscribe_Bulk_Equity_MarketData" time="1.715"/>
  <system-out/>
</testsuite> <!-- MarketData_L1_V3.Subscribe_Bulk -->
