<?xml version="1.0" encoding="UTF-8"?>
<!-- Generated by org.testng.reporters.JUnitReportReporter -->
<testsuite hostname="Dev-AjmalSyed" failures="0" tests="4" name="Static_Data_V3.StaticData_MktTopPerfCateg" time="2.355" errors="0" timestamp="2023-12-21T21:12:16 PKT" skipped="0">
  <testcase classname="Static_Data_V3.StaticData_MktTopPerfCateg" name="Verify_StaticData_MktTopPerfCateg" time="0.579"/>
  <system-out/>
  <testcase classname="Static_Data_V3.StaticData_MktTopPerfCateg" name="Verify_StaticData_MktTopPerfCateg" time="0.585"/>
  <system-out/>
  <testcase classname="Static_Data_V3.StaticData_MktTopPerfCateg" name="Verify_StaticData_MktTopPerfCateg" time="0.601"/>
  <system-out/>
  <testcase classname="Static_Data_V3.StaticData_MktTopPerfCateg" name="Verify_StaticData_MktTopPerfCateg" time="0.590"/>
  <system-out/>
</testsuite> <!-- Static_Data_V3.StaticData_MktTopPerfCateg -->
