<?xml version="1.0" encoding="UTF-8"?>
<!-- Generated by org.testng.reporters.JUnitReportReporter -->
<testsuite hostname="Dev-AjmalSyed" failures="0" tests="1" name="Subscriptions_V3.Equity_Order_UnSubscribe" time="0.815" errors="0" timestamp="2023-10-03T16:31:06 PKT" skipped="0">
  <testcase classname="Subscriptions_V3.Equity_Order_UnSubscribe" name="Verify_UnSubscribeEquityOrder" time="0.815"/>
  <system-out/>
</testsuite> <!-- Subscriptions_V3.Equity_Order_UnSubscribe -->
