<?xml version="1.0" encoding="UTF-8"?>
<!-- Generated by org.testng.reporters.JUnitReportReporter -->
<testsuite hostname="Dev-AjmalSyed" failures="0" tests="4" name="MarketData_OPT_L1.Opt_UnSubscribe_Bulk" time="54.598" errors="0" timestamp="2024-01-03T20:48:52 PKT" skipped="0">
  <testcase classname="MarketData_OPT_L1.Opt_UnSubscribe_Bulk" name="Verify_UnSubscribe_Bulk" time="2.625"/>
  <system-out/>
  <testcase classname="MarketData_OPT_L1.Opt_UnSubscribe_Bulk" name="Verify_UnSubscribe_Bulk" time="38.893"/>
  <system-out/>
  <testcase classname="MarketData_OPT_L1.Opt_UnSubscribe_Bulk" name="Verify_UnSubscribe_Bulk" time="8.226"/>
  <system-out/>
  <testcase classname="MarketData_OPT_L1.Opt_UnSubscribe_Bulk" name="Verify_UnSubscribe_Bulk" time="4.854"/>
  <system-out/>
</testsuite> <!-- MarketData_OPT_L1.Opt_UnSubscribe_Bulk -->
