<?xml version="1.0" encoding="UTF-8"?>
<!-- Generated by org.testng.reporters.JUnitReportReporter -->
<testsuite hostname="Dev-AjmalSyed" failures="0" tests="7" name="Static_Data.StaticData_Destination_TraderOnly" time="4.089" errors="0" timestamp="2023-12-26T17:09:54 PKT" skipped="0">
  <testcase classname="Static_Data.StaticData_Destination_TraderOnly" name="Verify_StaticData_Destination_TraderOnly" time="0.591"/>
  <system-out/>
  <testcase classname="Static_Data.StaticData_Destination_TraderOnly" name="Verify_StaticData_Destination_TraderOnly" time="0.577"/>
  <system-out/>
  <testcase classname="Static_Data.StaticData_Destination_TraderOnly" name="Verify_StaticData_Destination_TraderOnly" time="0.587"/>
  <system-out/>
  <testcase classname="Static_Data.StaticData_Destination_TraderOnly" name="Verify_StaticData_Destination_TraderOnly" time="0.588"/>
  <system-out/>
  <testcase classname="Static_Data.StaticData_Destination_TraderOnly" name="Verify_StaticData_Destination_TraderOnly" time="0.591"/>
  <system-out/>
  <testcase classname="Static_Data.StaticData_Destination_TraderOnly" name="Verify_StaticData_Destination_TraderOnly" time="0.578"/>
  <system-out/>
  <testcase classname="Static_Data.StaticData_Destination_TraderOnly" name="Verify_StaticData_Destination_TraderOnly" time="0.577"/>
  <system-out/>
</testsuite> <!-- Static_Data.StaticData_Destination_TraderOnly -->
