<?xml version="1.0" encoding="UTF-8"?>
<!-- Generated by org.testng.reporters.JUnitReportReporter -->
<testsuite hostname="Dev-AjmalSyed" failures="0" tests="1" name="Subscriptions_V3.Flate_OrderSymbol_Position" time="1.649" errors="0" timestamp="2023-10-12T12:26:22 PKT" skipped="0">
  <testcase classname="Subscriptions_V3.Flate_OrderSymbol_Position" name="Flate_OrderSymbol_Positions" time="1.649"/>
  <system-out/>
</testsuite> <!-- Subscriptions_V3.Flate_OrderSymbol_Position -->
