<?xml version="1.0" encoding="UTF-8"?>
<!-- Generated by org.testng.reporters.JUnitReportReporter -->
<testsuite hostname="Dev-AjmalSyed" failures="0" tests="4" name="Static_Data_V3.StaticData_OrdType" time="2.340" errors="0" timestamp="2023-12-21T21:12:16 PKT" skipped="0">
  <testcase classname="Static_Data_V3.StaticData_OrdType" name="Verify_StaticData_OrdType" time="0.583"/>
  <system-out/>
  <testcase classname="Static_Data_V3.StaticData_OrdType" name="Verify_StaticData_OrdType" time="0.576"/>
  <system-out/>
  <testcase classname="Static_Data_V3.StaticData_OrdType" name="Verify_StaticData_OrdType" time="0.602"/>
  <system-out/>
  <testcase classname="Static_Data_V3.StaticData_OrdType" name="Verify_StaticData_OrdType" time="0.579"/>
  <system-out/>
</testsuite> <!-- Static_Data_V3.StaticData_OrdType -->
