<?xml version="1.0" encoding="UTF-8"?>
<!-- Generated by org.testng.reporters.JUnitReportReporter -->
<testsuite hostname="Dev-AjmalSyed" failures="0" tests="1" name="OptionOrders.Delete_OptionOrder" time="3.655" errors="0" timestamp="2023-12-27T20:27:14 PKT" skipped="0">
  <testcase classname="OptionOrders.Delete_OptionOrder" name="Verify_Delete_Option_Order" time="3.655"/>
  <system-out/>
</testsuite> <!-- OptionOrders.Delete_OptionOrder -->
