<?xml version="1.0" encoding="UTF-8"?>
<!-- Generated by org.testng.reporters.JUnitReportReporter -->
<testsuite hostname="Dev-AjmalSyed" failures="0" tests="1" name="LocatesAPI.Summary_Locate_Subscribe" time="0.608" errors="0" timestamp="2024-01-08T17:45:39 PKT" skipped="0">
  <testcase classname="LocatesAPI.Summary_Locate_Subscribe" name="Verify_Summary_Locate_Subscribe" time="0.608"/>
  <system-out/>
</testsuite> <!-- LocatesAPI.Summary_Locate_Subscribe -->
