<?xml version="1.0" encoding="UTF-8"?>
<!-- Generated by org.testng.reporters.JUnitReportReporter -->
<testsuite hostname="Dev-AjmalSyed" failures="0" tests="2" name="Static_Data.StaticData_LocateTIF" time="1.227" errors="0" timestamp="2023-12-26T17:09:54 PKT" skipped="0">
  <testcase classname="Static_Data.StaticData_LocateTIF" name="Verify_StaticData_LocateTIF" time="0.636"/>
  <system-out/>
  <testcase classname="Static_Data.StaticData_LocateTIF" name="Verify_StaticData_LocateTIF" time="0.591"/>
  <system-out/>
</testsuite> <!-- Static_Data.StaticData_LocateTIF -->
