<?xml version="1.0" encoding="UTF-8"?>
<!-- Generated by org.testng.reporters.JUnitReportReporter -->
<testsuite hostname="Dev-AjmalSyed" failures="0" tests="3" name="IdentityServer_API_User.UserProfile_Detail" time="6.410" errors="0" timestamp="2023-12-26T15:50:23 PKT" skipped="0">
  <testcase classname="IdentityServer_API_User.UserProfile_Detail" name="Verify_UserProfile_Detail" time="2.104"/>
  <system-out/>
  <testcase classname="IdentityServer_API_User.UserProfile_Detail" name="Verify_UserProfile_Detail" time="2.103"/>
  <system-out/>
  <testcase classname="IdentityServer_API_User.UserProfile_Detail" name="Verify_UserProfile_Detail" time="2.203"/>
  <system-out/>
</testsuite> <!-- IdentityServer_API_User.UserProfile_Detail -->
