<?xml version="1.0" encoding="UTF-8"?>
<!-- Generated by org.testng.reporters.JUnitReportReporter -->
<testsuite hostname="Dev-AjmalSyed" failures="0" tests="10" name="OptionOrdersV1.Cancel" time="73.921" errors="0" timestamp="2023-10-03T16:13:41 PKT" skipped="0">
  <testcase classname="OptionOrdersV1.Cancel" name="Verify_Cancel_Option_Order" time="7.543"/>
  <system-out/>
  <testcase classname="OptionOrdersV1.Cancel" name="Verify_Cancel_Option_Order" time="8.646"/>
  <system-out/>
  <testcase classname="OptionOrdersV1.Cancel" name="Verify_Cancel_Option_Order" time="7.219"/>
  <system-out/>
  <testcase classname="OptionOrdersV1.Cancel" name="Verify_Cancel_Option_Order" time="7.331"/>
  <system-out/>
  <testcase classname="OptionOrdersV1.Cancel" name="Verify_Cancel_Option_Order" time="7.208"/>
  <system-out/>
  <testcase classname="OptionOrdersV1.Cancel" name="Verify_Cancel_Option_Order" time="7.122"/>
  <system-out/>
  <testcase classname="OptionOrdersV1.Cancel" name="Verify_Cancel_Option_Order" time="7.244"/>
  <system-out/>
  <testcase classname="OptionOrdersV1.Cancel" name="Verify_Cancel_Option_Order" time="7.399"/>
  <system-out/>
  <testcase classname="OptionOrdersV1.Cancel" name="Verify_Cancel_Option_Order" time="7.190"/>
  <system-out/>
  <testcase classname="OptionOrdersV1.Cancel" name="Verify_Cancel_Option_Order" time="7.019"/>
  <system-out/>
</testsuite> <!-- OptionOrdersV1.Cancel -->
