<?xml version="1.0" encoding="UTF-8"?>
<!-- Generated by org.testng.reporters.JUnitReportReporter -->
<testsuite hostname="Dev-AjmalSyed" failures="0" tests="1" name="IdentityServer_API_User.Forgot_Password_Resend" time="0.734" errors="0" timestamp="2023-10-30T12:50:11 PKT" skipped="0">
  <testcase classname="IdentityServer_API_User.Forgot_Password_Resend" name="Verify_Forgot_Password_Resend" time="0.734"/>
  <system-out/>
</testsuite> <!-- IdentityServer_API_User.Forgot_Password_Resend -->
