<?xml version="1.0" encoding="UTF-8"?>
<!-- Generated by org.testng.reporters.JUnitReportReporter -->
<testsuite hostname="Dev-AjmalSyed" failures="0" tests="1" name="Subscriptions_V3.Option_Executions_Subscribe" time="23.030" errors="0" timestamp="2023-11-30T14:16:55 PKT" skipped="0">
  <testcase classname="Subscriptions_V3.Option_Executions_Subscribe" name="Verify_SubscribeSELL_OptionExecutions" time="23.030"/>
  <system-out/>
</testsuite> <!-- Subscriptions_V3.Option_Executions_Subscribe -->
