<?xml version="1.0" encoding="UTF-8"?>
<!-- Generated by org.testng.reporters.JUnitReportReporter -->
<testsuite hostname="Dev-AjmalSyed" failures="0" tests="1" name="Subscriptions_V3.Order_Positions_Subscribe" time="26.035" errors="0" timestamp="2023-12-20T19:33:54 PKT" skipped="0">
  <testcase classname="Subscriptions_V3.Order_Positions_Subscribe" name="Verify_Subscribe_SHORTSELL_Order_Positions" time="26.035"/>
  <system-out/>
</testsuite> <!-- Subscriptions_V3.Order_Positions_Subscribe -->
