<?xml version="1.0" encoding="UTF-8"?>
<!-- Generated by org.testng.reporters.JUnitReportReporter -->
<testsuite hostname="Dev-AjmalSyed" failures="0" tests="1" name="OptionOrdersV1.Delete" time="7.164" errors="0" timestamp="2023-09-25T16:47:51 PKT" skipped="0">
  <testcase classname="OptionOrdersV1.Delete" name="Verify_Delete_Option_Order" time="7.164"/>
  <system-out/>
</testsuite> <!-- OptionOrdersV1.Delete -->
