<?xml version="1.0" encoding="UTF-8"?>
<!-- Generated by org.testng.reporters.JUnitReportReporter -->
<testsuite hostname="Dev-AjmalSyed" failures="0" tests="1" name="AuditTrail.UnSubscribe_qOrderID" time="0.785" errors="0" timestamp="2023-09-28T19:04:57 PKT" skipped="0">
  <testcase classname="AuditTrail.UnSubscribe_qOrderID" name="Verify_UnSubscribe_qOrderID" time="0.785"/>
  <system-out/>
</testsuite> <!-- AuditTrail.UnSubscribe_qOrderID -->
