<?xml version="1.0" encoding="UTF-8"?>
<!-- Generated by org.testng.reporters.JUnitReportReporter -->
<testsuite hostname="Dev-AjmalSyed" failures="0" tests="2" name="Subscriptions.Option_Executions_Subscribe" time="53.848" errors="0" timestamp="2023-12-27T20:34:21 PKT" skipped="0">
  <testcase classname="Subscriptions.Option_Executions_Subscribe" name="Verify_SubscribeBUY_OptionExecutions" time="28.523"/>
  <system-out/>
  <testcase classname="Subscriptions.Option_Executions_Subscribe" name="Verify_SubscribeSELL_OptionExecutions" time="25.325"/>
  <system-out/>
</testsuite> <!-- Subscriptions.Option_Executions_Subscribe -->
