<?xml version="1.0" encoding="UTF-8"?>
<!-- Generated by org.testng.reporters.JUnitReportReporter -->
<testsuite hostname="Dev-AjmalSyed" failures="0" tests="10" name="Option_Order_Subscription_V3.Option_Order_Subscribe" time="47.091" errors="0" timestamp="2023-10-03T13:28:25 PKT" skipped="0">
  <testcase classname="Option_Order_Subscription_V3.Option_Order_Subscribe" name="Verify_SubscribeCancelOptionOrder" time="4.459"/>
  <system-out/>
  <testcase classname="Option_Order_Subscription_V3.Option_Order_Subscribe" name="Verify_SubscribeCancelOptionOrder" time="4.144"/>
  <system-out/>
  <testcase classname="Option_Order_Subscription_V3.Option_Order_Subscribe" name="Verify_SubscribeCancelOptionOrder" time="4.823"/>
  <system-out/>
  <testcase classname="Option_Order_Subscription_V3.Option_Order_Subscribe" name="Verify_SubscribeCancelOptionOrder" time="4.168"/>
  <system-out/>
  <testcase classname="Option_Order_Subscription_V3.Option_Order_Subscribe" name="Verify_SubscribeCancelOptionOrder" time="4.408"/>
  <system-out/>
  <testcase classname="Option_Order_Subscription_V3.Option_Order_Subscribe" name="Verify_SubscribeCancelOptionOrder" time="4.750"/>
  <system-out/>
  <testcase classname="Option_Order_Subscription_V3.Option_Order_Subscribe" name="Verify_SubscribeCancelOptionOrder" time="4.259"/>
  <system-out/>
  <testcase classname="Option_Order_Subscription_V3.Option_Order_Subscribe" name="Verify_SubscribeCancelOptionOrder" time="4.519"/>
  <system-out/>
  <testcase classname="Option_Order_Subscription_V3.Option_Order_Subscribe" name="Verify_SubscribeCancelOptionOrder" time="6.715"/>
  <system-out/>
  <testcase classname="Option_Order_Subscription_V3.Option_Order_Subscribe" name="Verify_SubscribeCancelOptionOrder" time="4.846"/>
  <system-out/>
</testsuite> <!-- Option_Order_Subscription_V3.Option_Order_Subscribe -->
