<?xml version="1.0" encoding="UTF-8"?>
<!-- Generated by org.testng.reporters.JUnitReportReporter -->
<testsuite hostname="Dev-AjmalSyed" failures="0" tests="1" name="OrdersV1.Cancel" time="4.037" errors="0" timestamp="2023-12-21T16:13:58 PKT" skipped="0">
  <testcase classname="OrdersV1.Cancel" name="Verify_Cancel_Equity_Order" time="4.037"/>
  <system-out/>
</testsuite> <!-- OrdersV1.Cancel -->
