<?xml version="1.0" encoding="UTF-8"?>
<!-- Generated by org.testng.reporters.JUnitReportReporter -->
<testsuite hostname="Dev-AjmalSyed" failures="0" tests="1" name="OMSAPI_Test.Create_OptionOrders" time="0.572" errors="0" timestamp="2023-09-01T20:12:43 PKT" skipped="0">
  <testcase classname="OMSAPI_Test.Create_OptionOrders" name="LoginAuthenticationStep_2" time="0.572"/>
  <system-out/>
</testsuite> <!-- OMSAPI_Test.Create_OptionOrders -->
