<?xml version="1.0" encoding="UTF-8"?>
<!-- Generated by org.testng.reporters.JUnitReportReporter -->
<testsuite hostname="Dev-AjmalSyed" failures="0" tests="7" name="Static_Data.StaticData_TIF" time="4.027" errors="0" timestamp="2023-12-26T17:09:54 PKT" skipped="0">
  <testcase classname="Static_Data.StaticData_TIF" name="Verify_StaticData_TIF" time="0.569"/>
  <system-out/>
  <testcase classname="Static_Data.StaticData_TIF" name="Verify_StaticData_TIF" time="0.567"/>
  <system-out/>
  <testcase classname="Static_Data.StaticData_TIF" name="Verify_StaticData_TIF" time="0.576"/>
  <system-out/>
  <testcase classname="Static_Data.StaticData_TIF" name="Verify_StaticData_TIF" time="0.593"/>
  <system-out/>
  <testcase classname="Static_Data.StaticData_TIF" name="Verify_StaticData_TIF" time="0.570"/>
  <system-out/>
  <testcase classname="Static_Data.StaticData_TIF" name="Verify_StaticData_TIF" time="0.577"/>
  <system-out/>
  <testcase classname="Static_Data.StaticData_TIF" name="Verify_StaticData_TIF" time="0.575"/>
  <system-out/>
</testsuite> <!-- Static_Data.StaticData_TIF -->
