<?xml version="1.0" encoding="UTF-8"?>
<!-- Generated by org.testng.reporters.JUnitReportReporter -->
<testsuite hostname="Dev-AjmalSyed" failures="0" tests="4" name="Static_Data.StaticData_MktTopPerfCateg" time="2.339" errors="0" timestamp="2023-12-26T17:09:54 PKT" skipped="0">
  <testcase classname="Static_Data.StaticData_MktTopPerfCateg" name="Verify_StaticData_MktTopPerfCateg" time="0.586"/>
  <system-out/>
  <testcase classname="Static_Data.StaticData_MktTopPerfCateg" name="Verify_StaticData_MktTopPerfCateg" time="0.577"/>
  <system-out/>
  <testcase classname="Static_Data.StaticData_MktTopPerfCateg" name="Verify_StaticData_MktTopPerfCateg" time="0.581"/>
  <system-out/>
  <testcase classname="Static_Data.StaticData_MktTopPerfCateg" name="Verify_StaticData_MktTopPerfCateg" time="0.595"/>
  <system-out/>
</testsuite> <!-- Static_Data.StaticData_MktTopPerfCateg -->
