<?xml version="1.0" encoding="UTF-8"?>
<!-- Generated by org.testng.reporters.JUnitReportReporter -->
<testsuite hostname="Dev-AjmalSyed" failures="0" tests="10" name="OptionOrdersV1.Create" time="44.101" errors="0" timestamp="2023-10-03T16:55:47 PKT" skipped="0">
  <testcase classname="OptionOrdersV1.Create" name="Verify_Order_Creation_Filled_Partial_Status" time="4.041"/>
  <system-out/>
  <testcase classname="OptionOrdersV1.Create" name="Verify_Order_Creation_Filled_Partial_Status" time="3.974"/>
  <system-out/>
  <testcase classname="OptionOrdersV1.Create" name="Verify_Order_Creation_Filled_Partial_Status" time="4.398"/>
  <system-out/>
  <testcase classname="OptionOrdersV1.Create" name="Verify_Order_Creation_Filled_Partial_Status" time="4.071"/>
  <system-out/>
  <testcase classname="OptionOrdersV1.Create" name="Verify_Order_Creation_Filled_Partial_Status" time="3.990"/>
  <system-out/>
  <testcase classname="OptionOrdersV1.Create" name="Verify_Order_Creation_Filled_Partial_Status" time="4.118"/>
  <system-out/>
  <testcase classname="OptionOrdersV1.Create" name="Verify_Order_Creation_Filled_Partial_Status" time="4.014"/>
  <system-out/>
  <testcase classname="OptionOrdersV1.Create" name="Verify_Order_Creation_Filled_Partial_Status" time="7.422"/>
  <system-out/>
  <testcase classname="OptionOrdersV1.Create" name="Verify_Order_Creation_Filled_Partial_Status" time="4.024"/>
  <system-out/>
  <testcase classname="OptionOrdersV1.Create" name="Verify_Order_Creation_Filled_Partial_Status" time="4.049"/>
  <system-out/>
</testsuite> <!-- OptionOrdersV1.Create -->
