<?xml version="1.0" encoding="UTF-8"?>
<!-- Generated by org.testng.reporters.JUnitReportReporter -->
<testsuite hostname="Dev-AjmalSyed" failures="0" tests="5" name="Equity_Order_Subscription_V1.Equity_Order_Subscribe" time="26.551" errors="0" timestamp="2023-10-02T17:04:04 PKT" skipped="0">
  <testcase classname="Equity_Order_Subscription_V1.Equity_Order_Subscribe" name="Verify_SubscribeRejectedEquityOrder" time="5.352"/>
  <system-out/>
  <testcase classname="Equity_Order_Subscription_V1.Equity_Order_Subscribe" name="Verify_SubscribeRejectedEquityOrder" time="5.224"/>
  <system-out/>
  <testcase classname="Equity_Order_Subscription_V1.Equity_Order_Subscribe" name="Verify_SubscribeRejectedEquityOrder" time="5.707"/>
  <system-out/>
  <testcase classname="Equity_Order_Subscription_V1.Equity_Order_Subscribe" name="Verify_SubscribeRejectedEquityOrder" time="5.107"/>
  <system-out/>
  <testcase classname="Equity_Order_Subscription_V1.Equity_Order_Subscribe" name="Verify_SubscribeRejectedEquityOrder" time="5.161"/>
  <system-out/>
</testsuite> <!-- Equity_Order_Subscription_V1.Equity_Order_Subscribe -->
