<?xml version="1.0" encoding="UTF-8"?>
<!-- Generated by org.testng.reporters.JUnitReportReporter -->
<testsuite hostname="Dev-AjmalSyed" failures="0" tests="4" name="Subscriptions_V3.Flat_OrderSymbol_Position" time="7.442" errors="0" timestamp="2023-11-23T21:02:40 PKT" skipped="0">
  <testcase classname="Subscriptions_V3.Flat_OrderSymbol_Position" name="Verify_Flat_Positions_Account_Type_BoxvsShort" time="2.375"/>
  <system-out/>
  <testcase classname="Subscriptions_V3.Flat_OrderSymbol_Position" name="Verify_Flat_Positions_Account_Type_BoxvsShort" time="3.492"/>
  <system-out/>
  <testcase classname="Subscriptions_V3.Flat_OrderSymbol_Position" name="Verify_Flat_Positions_Account_Type_BoxvsShort" time="0.794"/>
  <system-out/>
  <testcase classname="Subscriptions_V3.Flat_OrderSymbol_Position" name="Verify_Flat_Positions_Account_Type_BoxvsShort" time="0.781"/>
  <system-out/>
</testsuite> <!-- Subscriptions_V3.Flat_OrderSymbol_Position -->
