<?xml version="1.0" encoding="UTF-8"?>
<!-- Generated by org.testng.reporters.JUnitReportReporter -->
<testsuite hostname="Dev-AjmalSyed" failures="0" tests="4" name="MarketData_OPT_L1.Opt_UnSubscribe_Bulk_Symbols" time="2.396" errors="0" timestamp="2024-01-03T20:48:52 PKT" skipped="0">
  <testcase classname="MarketData_OPT_L1.Opt_UnSubscribe_Bulk_Symbols" name="Verify_UnSubscribe_Bulk_CompanySymbol" time="0.587"/>
  <system-out/>
  <testcase classname="MarketData_OPT_L1.Opt_UnSubscribe_Bulk_Symbols" name="Verify_UnSubscribe_Bulk_CompanySymbol" time="0.636"/>
  <system-out/>
  <testcase classname="MarketData_OPT_L1.Opt_UnSubscribe_Bulk_Symbols" name="Verify_UnSubscribe_Bulk_CompanySymbol" time="0.586"/>
  <system-out/>
  <testcase classname="MarketData_OPT_L1.Opt_UnSubscribe_Bulk_Symbols" name="Verify_UnSubscribe_Bulk_CompanySymbol" time="0.587"/>
  <system-out/>
</testsuite> <!-- MarketData_OPT_L1.Opt_UnSubscribe_Bulk_Symbols -->
