<?xml version="1.0" encoding="UTF-8"?>
<!-- Generated by org.testng.reporters.JUnitReportReporter -->
<testsuite hostname="Dev-AjmalSyed" failures="0" tests="2" name="OptionOrders.Filled_OptionOrder" time="1.936" errors="0" timestamp="2023-12-27T20:34:21 PKT" skipped="0">
  <testcase classname="OptionOrders.Filled_OptionOrder" name="Verify_SELL_Order_Creation_Filled" time="1.309"/>
  <system-out/>
  <testcase classname="OptionOrders.Filled_OptionOrder" name="Verify_BUY_Order_Creation_Filled" time="0.627"/>
  <system-out/>
</testsuite> <!-- OptionOrders.Filled_OptionOrder -->
