<?xml version="1.0" encoding="UTF-8"?>
<!-- Generated by org.testng.reporters.JUnitReportReporter -->
<testsuite hostname="Dev-AjmalSyed" failures="0" tests="1" name="Static_Data_V3.StaticData_Blotter_Permissions" time="0.693" errors="0" timestamp="2023-12-21T21:12:16 PKT" skipped="0">
  <testcase classname="Static_Data_V3.StaticData_Blotter_Permissions" name="Verify_StaticData_BlotterPermissions" time="0.693"/>
  <system-out/>
</testsuite> <!-- Static_Data_V3.StaticData_Blotter_Permissions -->
