<?xml version="1.0" encoding="UTF-8"?>
<!-- Generated by org.testng.reporters.JUnitReportReporter -->
<testsuite hostname="Dev-AjmalSyed" failures="0" tests="10" name="OptionOrdersV1.Update" time="45.973" errors="0" timestamp="2023-09-25T16:34:36 PKT" skipped="0">
  <testcase classname="OptionOrdersV1.Update" name="Verify_Update_Option_Order" time="4.613"/>
  <system-out/>
  <testcase classname="OptionOrdersV1.Update" name="Verify_Update_Option_Order" time="4.714"/>
  <system-out/>
  <testcase classname="OptionOrdersV1.Update" name="Verify_Update_Option_Order" time="4.335"/>
  <system-out/>
  <testcase classname="OptionOrdersV1.Update" name="Verify_Update_Option_Order" time="4.463"/>
  <system-out/>
  <testcase classname="OptionOrdersV1.Update" name="Verify_Update_Option_Order" time="4.412"/>
  <system-out/>
  <testcase classname="OptionOrdersV1.Update" name="Verify_Update_Option_Order" time="4.842"/>
  <system-out/>
  <testcase classname="OptionOrdersV1.Update" name="Verify_Update_Option_Order" time="4.523"/>
  <system-out/>
  <testcase classname="OptionOrdersV1.Update" name="Verify_Update_Option_Order" time="4.515"/>
  <system-out/>
  <testcase classname="OptionOrdersV1.Update" name="Verify_Update_Option_Order" time="4.959"/>
  <system-out/>
  <testcase classname="OptionOrdersV1.Update" name="Verify_Update_Option_Order" time="4.597"/>
  <system-out/>
</testsuite> <!-- OptionOrdersV1.Update -->
