<?xml version="1.0" encoding="UTF-8"?>
<!-- Generated by org.testng.reporters.JUnitReportReporter -->
<testsuite hostname="Dev-AjmalSyed" failures="0" tests="1" name="MarketData_OPT_L1.UnSubscribe_Bulk_Symbols" time="0.830" errors="0" timestamp="2023-09-26T17:14:54 PKT" skipped="0">
  <testcase classname="MarketData_OPT_L1.UnSubscribe_Bulk_Symbols" name="Verify_UnSubscribe_Bulk_CompanySymbol" time="0.830"/>
  <system-out/>
</testsuite> <!-- MarketData_OPT_L1.UnSubscribe_Bulk_Symbols -->
