<?xml version="1.0" encoding="UTF-8"?>
<!-- Generated by org.testng.reporters.JUnitReportReporter -->
<testsuite hostname="Dev-AjmalSyed" failures="0" tests="4" name="Static_Data.StaticData_OrdType" time="2.338" errors="0" timestamp="2023-12-26T17:09:54 PKT" skipped="0">
  <testcase classname="Static_Data.StaticData_OrdType" name="Verify_StaticData_OrdType" time="0.576"/>
  <system-out/>
  <testcase classname="Static_Data.StaticData_OrdType" name="Verify_StaticData_OrdType" time="0.580"/>
  <system-out/>
  <testcase classname="Static_Data.StaticData_OrdType" name="Verify_StaticData_OrdType" time="0.609"/>
  <system-out/>
  <testcase classname="Static_Data.StaticData_OrdType" name="Verify_StaticData_OrdType" time="0.573"/>
  <system-out/>
</testsuite> <!-- Static_Data.StaticData_OrdType -->
