<?xml version="1.0" encoding="UTF-8"?>
<!-- Generated by org.testng.reporters.JUnitReportReporter -->
<testsuite hostname="Dev-AjmalSyed" failures="0" tests="1" name="OptionOrdersV1.Filled_OptionOrder" time="1.230" errors="0" timestamp="2023-12-21T20:37:10 PKT" skipped="0">
  <testcase classname="OptionOrdersV1.Filled_OptionOrder" name="Verify_SELL_Order_Creation_Filled" time="1.230"/>
  <system-out/>
</testsuite> <!-- OptionOrdersV1.Filled_OptionOrder -->
