<?xml version="1.0" encoding="UTF-8"?>
<!-- Generated by org.testng.reporters.JUnitReportReporter -->
<testsuite hostname="Dev-AjmalSyed" failures="0" tests="1" name="MarketData_OPT_L1.UnSubscribe_Bulk" time="1.315" errors="0" timestamp="2023-09-26T16:49:30 PKT" skipped="0">
  <testcase classname="MarketData_OPT_L1.UnSubscribe_Bulk" name="Verify_UnSubscribe_Bulk" time="1.315"/>
  <system-out/>
</testsuite> <!-- MarketData_OPT_L1.UnSubscribe_Bulk -->
