<?xml version="1.0" encoding="UTF-8"?>
<!-- Generated by org.testng.reporters.JUnitReportReporter -->
<testsuite hostname="Dev-AjmalSyed" failures="0" tests="7" name="Static_Data.StaticData_MktTopPerfExchange" time="4.071" errors="0" timestamp="2023-12-26T17:09:54 PKT" skipped="0">
  <testcase classname="Static_Data.StaticData_MktTopPerfExchange" name="Verify_StaticData_MktTopPerfExchange" time="0.572"/>
  <system-out/>
  <testcase classname="Static_Data.StaticData_MktTopPerfExchange" name="Verify_StaticData_MktTopPerfExchange" time="0.577"/>
  <system-out/>
  <testcase classname="Static_Data.StaticData_MktTopPerfExchange" name="Verify_StaticData_MktTopPerfExchange" time="0.576"/>
  <system-out/>
  <testcase classname="Static_Data.StaticData_MktTopPerfExchange" name="Verify_StaticData_MktTopPerfExchange" time="0.586"/>
  <system-out/>
  <testcase classname="Static_Data.StaticData_MktTopPerfExchange" name="Verify_StaticData_MktTopPerfExchange" time="0.582"/>
  <system-out/>
  <testcase classname="Static_Data.StaticData_MktTopPerfExchange" name="Verify_StaticData_MktTopPerfExchange" time="0.596"/>
  <system-out/>
  <testcase classname="Static_Data.StaticData_MktTopPerfExchange" name="Verify_StaticData_MktTopPerfExchange" time="0.582"/>
  <system-out/>
</testsuite> <!-- Static_Data.StaticData_MktTopPerfExchange -->
