<?xml version="1.0" encoding="UTF-8"?>
<!-- Generated by org.testng.reporters.JUnitReportReporter -->
<testsuite hostname="Dev-AjmalSyed" failures="0" tests="1" name="Subscriptions.Open_Order_UnSubscribe" time="0.654" errors="0" timestamp="2024-01-03T20:02:24 PKT" skipped="0">
  <testcase classname="Subscriptions.Open_Order_UnSubscribe" name="Verify_UnSubscribe_OpenOrder" time="0.654"/>
  <system-out/>
</testsuite> <!-- Subscriptions.Open_Order_UnSubscribe -->
