<?xml version="1.0" encoding="UTF-8"?>
<!-- Generated by org.testng.reporters.JUnitReportReporter -->
<testsuite hostname="Dev-AjmalSyed" failures="0" tests="1" name="OrdersV1.Update" time="4.927" errors="0" timestamp="2023-12-21T18:49:57 PKT" skipped="0">
  <testcase classname="OrdersV1.Update" name="Verify_Update_Equity_Order" time="4.927"/>
  <system-out/>
</testsuite> <!-- OrdersV1.Update -->
