<?xml version="1.0" encoding="UTF-8"?>
<!-- Generated by org.testng.reporters.JUnitReportReporter -->
<testsuite hostname="Dev-AjmalSyed" failures="0" tests="1" name="IdentityServer_API_Admin.AdminLogin" time="2.241" errors="0" timestamp="2023-12-26T15:12:28 PKT" skipped="0">
  <testcase classname="IdentityServer_API_Admin.AdminLogin" name="AdminLoginAuthentications" time="2.241"/>
  <system-out/>
</testsuite> <!-- IdentityServer_API_Admin.AdminLogin -->
