<?xml version="1.0" encoding="UTF-8"?>
<!-- Generated by org.testng.reporters.JUnitReportReporter -->
<testsuite hostname="Dev-AjmalSyed" failures="0" tests="1" name="DUMMY_MarketDataAPI.MarketData" time="0.008" errors="0" timestamp="2023-11-22T20:15:54 PKT" skipped="0">
  <testcase classname="DUMMY_MarketDataAPI.MarketData" name="NYSE_Halt_Symbols" time="0.008"/>
  <system-out/>
</testsuite> <!-- DUMMY_MarketDataAPI.MarketData -->
