<?xml version="1.0" encoding="UTF-8"?>
<!-- Generated by org.testng.reporters.JUnitReportReporter -->
<testsuite hostname="Dev-AjmalSyed" failures="0" tests="2" name="Subscriptions_V3.Flat_Positions" time="2.935" errors="0" timestamp="2023-12-21T13:43:48 PKT" skipped="0">
  <testcase classname="Subscriptions_V3.Flat_Positions" name="Verify_Flat_Option_Positions" time="2.023"/>
  <system-out/>
  <testcase classname="Subscriptions_V3.Flat_Positions" name="Verify_Flat_Option_Positions" time="0.912"/>
  <system-out/>
</testsuite> <!-- Subscriptions_V3.Flat_Positions -->
