<?xml version="1.0" encoding="UTF-8"?>
<!-- Generated by org.testng.reporters.JUnitReportReporter -->
<testsuite hostname="Dev-AjmalSyed" failures="0" tests="1" name="MarketData_L1_V3.Subscribe_MarketData" time="1.051" errors="0" timestamp="2023-10-30T13:14:13 PKT" skipped="0">
  <testcase classname="MarketData_L1_V3.Subscribe_MarketData" name="Verify_Subscribe_Equity_MarketData" time="1.051"/>
  <system-out/>
</testsuite> <!-- MarketData_L1_V3.Subscribe_MarketData -->
