<?xml version="1.0" encoding="UTF-8"?>
<!-- Generated by org.testng.reporters.JUnitReportReporter -->
<testsuite hostname="Dev-AjmalSyed" failures="0" tests="1" name="Subscriptions_V3.Option_Order_Subscribe" time="5.710" errors="0" timestamp="2023-11-30T12:49:51 PKT" skipped="0">
  <testcase classname="Subscriptions_V3.Option_Order_Subscribe" name="Verify_Subscribe_BUYFilledOptionOrder" time="5.710"/>
  <system-out/>
</testsuite> <!-- Subscriptions_V3.Option_Order_Subscribe -->
