<?xml version="1.0" encoding="UTF-8"?>
<!-- Generated by org.testng.reporters.JUnitReportReporter -->
<testsuite hostname="Dev-AjmalSyed" failures="0" tests="1" name="MarketData_L1_V3.UnSubscribe" time="0.805" errors="0" timestamp="2023-09-26T19:38:35 PKT" skipped="0">
  <testcase classname="MarketData_L1_V3.UnSubscribe" name="Verify_UnSubscribe_Equity_MarketData" time="0.805"/>
  <system-out/>
</testsuite> <!-- MarketData_L1_V3.UnSubscribe -->
