<?xml version="1.0" encoding="UTF-8"?>
<!-- Generated by org.testng.reporters.JUnitReportReporter -->
<testsuite hostname="Dev-AjmalSyed" failures="0" tests="4" name="MarketData_L1_V3.Historicaldata_Snapshot" time="4.176" errors="0" timestamp="2023-09-26T20:36:17 PKT" skipped="0">
  <testcase classname="MarketData_L1_V3.Historicaldata_Snapshot" name="Verify_Historicaldata_Snapshot_MarketData" time="1.028"/>
  <system-out/>
  <testcase classname="MarketData_L1_V3.Historicaldata_Snapshot" name="Verify_Historicaldata_Snapshot_MarketData" time="1.066"/>
  <system-out/>
  <testcase classname="MarketData_L1_V3.Historicaldata_Snapshot" name="Verify_Historicaldata_Snapshot_MarketData" time="1.009"/>
  <system-out/>
  <testcase classname="MarketData_L1_V3.Historicaldata_Snapshot" name="Verify_Historicaldata_Snapshot_MarketData" time="1.073"/>
  <system-out/>
</testsuite> <!-- MarketData_L1_V3.Historicaldata_Snapshot -->
