<?xml version="1.0" encoding="UTF-8"?>
<!-- Generated by org.testng.reporters.JUnitReportReporter -->
<testsuite hostname="Dev-AjmalSyed" failures="0" tests="1" name="OptionOrders.Cancel_OptionOrder" time="2.792" errors="0" timestamp="2023-12-27T20:27:14 PKT" skipped="0">
  <testcase classname="OptionOrders.Cancel_OptionOrder" name="Verify_Cancel_Option_Order" time="2.792"/>
  <system-out/>
</testsuite> <!-- OptionOrders.Cancel_OptionOrder -->
