<?xml version="1.0" encoding="UTF-8"?>
<!-- Generated by org.testng.reporters.JUnitReportReporter -->
<testsuite hostname="Dev-AjmalSyed" failures="0" tests="1" name="IdentityServer_API_User.ForgotPassword" time="2.236" errors="0" timestamp="2023-10-06T17:16:15 PKT" skipped="0">
  <testcase classname="IdentityServer_API_User.ForgotPassword" name="Verify_Forgot_Password" time="2.236"/>
  <system-out/>
</testsuite> <!-- IdentityServer_API_User.ForgotPassword -->
