<?xml version="1.0" encoding="UTF-8"?>
<!-- Generated by org.testng.reporters.JUnitReportReporter -->
<testsuite hostname="Dev-AjmalSyed" failures="0" tests="2" name="IdentityServer_API_Admin.UpdateUserInfo" time="8.718" errors="0" timestamp="2023-12-26T15:12:28 PKT" skipped="0">
  <testcase classname="IdentityServer_API_Admin.UpdateUserInfo" name="Verify_Update_User_Info" time="4.443"/>
  <system-out/>
  <testcase classname="IdentityServer_API_Admin.UpdateUserInfo" name="Verify_Update_User_Info" time="4.275"/>
  <system-out/>
</testsuite> <!-- IdentityServer_API_Admin.UpdateUserInfo -->
