<?xml version="1.0" encoding="UTF-8"?>
<!-- Generated by org.testng.reporters.JUnitReportReporter -->
<testsuite hostname="Dev-AjmalSyed" failures="0" tests="5" name="Static_Data.StaticData_BlotterPackage_Permissions" time="2.910" errors="0" timestamp="2023-12-26T17:09:54 PKT" skipped="0">
  <testcase classname="Static_Data.StaticData_BlotterPackage_Permissions" name="Verify_StaticData_BlotterPackage_Permissions" time="0.582"/>
  <system-out/>
  <testcase classname="Static_Data.StaticData_BlotterPackage_Permissions" name="Verify_StaticData_BlotterPackage_Permissions" time="0.580"/>
  <system-out/>
  <testcase classname="Static_Data.StaticData_BlotterPackage_Permissions" name="Verify_StaticData_BlotterPackage_Permissions" time="0.572"/>
  <system-out/>
  <testcase classname="Static_Data.StaticData_BlotterPackage_Permissions" name="Verify_StaticData_BlotterPackage_Permissions" time="0.598"/>
  <system-out/>
  <testcase classname="Static_Data.StaticData_BlotterPackage_Permissions" name="Verify_StaticData_BlotterPackage_Permissions" time="0.578"/>
  <system-out/>
</testsuite> <!-- Static_Data.StaticData_BlotterPackage_Permissions -->
