<?xml version="1.0" encoding="UTF-8"?>
<!-- Generated by org.testng.reporters.JUnitReportReporter -->
<testsuite hostname="Dev-AjmalSyed" failures="0" tests="1" name="OrdersV1.Create" time="0.674" errors="0" timestamp="2023-12-21T19:10:50 PKT" skipped="0">
  <testcase classname="OrdersV1.Create" name="Verify_Equity_Order_Active_Open_Creation" time="0.674"/>
  <system-out/>
</testsuite> <!-- OrdersV1.Create -->
