<?xml version="1.0" encoding="UTF-8"?>
<!-- Generated by org.testng.reporters.JUnitReportReporter -->
<testsuite hostname="Dev-AjmalSyed" failures="0" tests="1" name="LocatesAPI.Subscribe_Locates" time="0.752" errors="0" timestamp="2024-01-08T17:45:39 PKT" skipped="0">
  <testcase classname="LocatesAPI.Subscribe_Locates" name="Verify_Subscribe_Locates" time="0.752"/>
  <system-out/>
</testsuite> <!-- LocatesAPI.Subscribe_Locates -->
