<?xml version="1.0" encoding="UTF-8"?>
<!-- Generated by org.testng.reporters.JUnitReportReporter -->
<testsuite hostname="Dev-AjmalSyed" failures="0" tests="1" name="LocatesAPI.UnSubscribe_Locates" time="0.586" errors="0" timestamp="2024-01-08T17:45:39 PKT" skipped="0">
  <testcase classname="LocatesAPI.UnSubscribe_Locates" name="Verify_UnSubscribe_Locates" time="0.586"/>
  <system-out/>
</testsuite> <!-- LocatesAPI.UnSubscribe_Locates -->
