<?xml version="1.0" encoding="UTF-8"?>
<!-- Generated by org.testng.reporters.JUnitReportReporter -->
<testsuite hostname="Dev-AjmalSyed" failures="0" tests="1" name="MarketData_OPT_L1.Subscribe_Bulk" time="13.069" errors="0" timestamp="2023-09-26T18:10:03 PKT" skipped="0">
  <testcase classname="MarketData_OPT_L1.Subscribe_Bulk" name="Verify_Subscribe_Bulk" time="13.069"/>
  <system-out/>
</testsuite> <!-- MarketData_OPT_L1.Subscribe_Bulk -->
