<?xml version="1.0" encoding="UTF-8"?>
<!-- Generated by org.testng.reporters.JUnitReportReporter -->
<testsuite hostname="Dev-AjmalSyed" failures="0" tests="1" name="OptionOrdersV1.Delete_OptionOrder" time="3.951" errors="0" timestamp="2023-12-21T21:03:20 PKT" skipped="0">
  <testcase classname="OptionOrdersV1.Delete_OptionOrder" name="Verify_Delete_Option_Order" time="3.951"/>
  <system-out/>
</testsuite> <!-- OptionOrdersV1.Delete_OptionOrder -->
