<?xml version="1.0" encoding="UTF-8"?>
<!-- Generated by org.testng.reporters.JUnitReportReporter -->
<testsuite hostname="Dev-AjmalSyed" failures="0" tests="1" name="Subscriptions.Order_Executions_UnSubscribe" time="0.586" errors="0" timestamp="2023-12-27T17:07:31 PKT" skipped="0">
  <testcase classname="Subscriptions.Order_Executions_UnSubscribe" name="Verify_UnSubscribe_Executions" time="0.586"/>
  <system-out/>
</testsuite> <!-- Subscriptions.Order_Executions_UnSubscribe -->
