<?xml version="1.0" encoding="UTF-8"?>
<!-- Generated by org.testng.reporters.JUnitReportReporter -->
<testsuite hostname="Dev-AjmalSyed" failures="0" tests="1" name="OptionOrdersV1.Login" time="2.753" errors="0" timestamp="2023-09-15T18:09:30 PKT" skipped="0">
  <testcase classname="OptionOrdersV1.Login" name="LoginAuthentications" time="2.753"/>
  <system-out/>
</testsuite> <!-- OptionOrdersV1.Login -->
