<?xml version="1.0" encoding="UTF-8"?>
<!-- Generated by org.testng.reporters.JUnitReportReporter -->
<testsuite hostname="Dev-AjmalSyed" failures="0" tests="1" name="LocatesV1.Summary_Locate_UnSubscribe" time="0.584" errors="0" timestamp="2023-12-21T21:12:59 PKT" skipped="0">
  <testcase classname="LocatesV1.Summary_Locate_UnSubscribe" name="Verify_Summary_Locate_UnSubscribe" time="0.584"/>
  <system-out/>
</testsuite> <!-- LocatesV1.Summary_Locate_UnSubscribe -->
